<?xml version="1.0" encoding="UTF-8"?>
<robot generator="Robot 5.0.1 (Python 3.10.5 on win32)" generated="20220728 13:27:41.574" rpa="false" schemaversion="3">
<suite id="s1" name="A BELI PAKET 1" source="C:\Users\abhishek.jayalal\Desktop\SMARTFERN_AUTOMATION\sf_auto_18_07_2022\sf_auto_07072022\TestCases\A_BELI_PAKET_1.robot">
<test id="s1-t1" name="TEST CASE 001" line="36">
<kw name="Execute Suite Setup as User" library="Common" type="SETUP">
<doc>Open Browser on Test or preproduction environment</doc>
<kw name="Open Browser" library="SeleniumLibrary">
<arg>${URL}</arg>
<arg>${Broswer}</arg>
<arg>${TestData}[Browser]</arg>
<arg>options=add_argument("--ignore-certificate-errors")</arg>
<doc>Opens a new browser instance to the optional ``url``.</doc>
<msg timestamp="20220728 13:27:42.624" level="INFO">Opening browser 'chrome' to base url 'https://sfprotest.smartfren.com/sfdms'.</msg>
<status status="PASS" starttime="20220728 13:27:42.624" endtime="20220728 13:27:49.219"/>
</kw>
<kw name="Maximize Browser Window" library="SeleniumLibrary">
<doc>Maximizes current browser window.</doc>
<status status="PASS" starttime="20220728 13:27:49.220" endtime="20220728 13:27:49.378"/>
</kw>
<status status="PASS" starttime="20220728 13:27:42.623" endtime="20220728 13:27:49.379"/>
</kw>
<kw name="Login to SMARTFERN UI" library="SF_Login_Keyword">
<arg>${SmartFern_CREDENTIAL}[username]</arg>
<arg>${SmartFern_CREDENTIAL}[password]</arg>
<kw name="Sleep" library="BuiltIn">
<arg>5s</arg>
<doc>Pauses the test executed for the given time.</doc>
<msg timestamp="20220728 13:27:54.386" level="INFO">Slept 5 seconds</msg>
<status status="PASS" starttime="20220728 13:27:49.381" endtime="20220728 13:27:54.386"/>
</kw>
<kw name="Set Input" library="Common">
<arg>${LoginPage}[UserName]</arg>
<arg>${user}</arg>
<kw name="Click Item" library="Common">
<arg>${locator}</arg>
<kw name="Verify elements is visible and displayed" library="Common">
<arg>${locator}</arg>
<doc>Keyword to verify locator is enabled and visibled on a page.</doc>
<kw name="Wait Until Element Is Enabled" library="SeleniumLibrary">
<arg>${locator}</arg>
<arg>timeout=60</arg>
<doc>Waits until the element ``locator`` is enabled.</doc>
<status status="PASS" starttime="20220728 13:27:54.387" endtime="20220728 13:27:54.430"/>
</kw>
<kw name="Wait Until Element Is Visible" library="SeleniumLibrary">
<arg>${locator}</arg>
<arg>timeout=60</arg>
<doc>Waits until the element ``locator`` is visible.</doc>
<status status="PASS" starttime="20220728 13:27:54.430" endtime="20220728 13:27:54.455"/>
</kw>
<kw name="Page Should Contain Element" library="SeleniumLibrary">
<arg>${locator}</arg>
<arg>timeout=60</arg>
<doc>Verifies that element ``locator`` is found on the current page.</doc>
<msg timestamp="20220728 13:27:54.466" level="INFO">Current page contains element '//input[@autocomplete='new-username']'.</msg>
<status status="PASS" starttime="20220728 13:27:54.455" endtime="20220728 13:27:54.466"/>
</kw>
<kw name="Wait Until Keyword Succeeds" library="BuiltIn">
<arg>${TimeOut}</arg>
<arg>${Start}</arg>
<arg>wait until page contains element</arg>
<arg>${locator}</arg>
<doc>Runs the specified keyword and retries if it fails.</doc>
<kw name="Wait Until Page Contains Element" library="SeleniumLibrary">
<arg>${locator}</arg>
<doc>Waits until the element ``locator`` appears on the current page.</doc>
<status status="PASS" starttime="20220728 13:27:54.467" endtime="20220728 13:27:54.474"/>
</kw>
<status status="PASS" starttime="20220728 13:27:54.467" endtime="20220728 13:27:54.474"/>
</kw>
<status status="PASS" starttime="20220728 13:27:54.387" endtime="20220728 13:27:54.474"/>
</kw>
<kw name="Wait Until Keyword Succeeds" library="BuiltIn">
<arg>${TimeOut}</arg>
<arg>${Start}</arg>
<arg>click element</arg>
<arg>${locator}</arg>
<doc>Runs the specified keyword and retries if it fails.</doc>
<kw name="Click Element" library="SeleniumLibrary">
<arg>${locator}</arg>
<doc>Click the element identified by ``locator``.</doc>
<msg timestamp="20220728 13:27:54.476" level="INFO">Clicking element '//input[@autocomplete='new-username']'.</msg>
<status status="PASS" starttime="20220728 13:27:54.476" endtime="20220728 13:27:54.551"/>
</kw>
<status status="PASS" starttime="20220728 13:27:54.475" endtime="20220728 13:27:54.551"/>
</kw>
<status status="PASS" starttime="20220728 13:27:54.387" endtime="20220728 13:27:54.551"/>
</kw>
<kw name="Run Keyword If" library="BuiltIn">
<arg>'${value}' == 'nan'</arg>
<arg>Log To Console</arg>
<arg>NANACONDITION</arg>
<arg>ELSE IF</arg>
<arg>'${value}' == 'BLANK'</arg>
<arg>Wait Until Keyword Succeeds</arg>
<arg>${TimeOut}</arg>
<arg>${Start}</arg>
<arg>input text</arg>
<arg>${locator}</arg>
<arg>\</arg>
<arg>ELSE</arg>
<arg>Wait Until Keyword Succeeds</arg>
<arg>${TimeOut}</arg>
<arg>${Start}</arg>
<arg>input text</arg>
<arg>${locator}</arg>
<arg>${value}</arg>
<doc>Runs the given keyword with the given arguments, if ``condition`` is true.</doc>
<kw name="Wait Until Keyword Succeeds" library="BuiltIn">
<arg>${TimeOut}</arg>
<arg>${Start}</arg>
<arg>input text</arg>
<arg>${locator}</arg>
<arg>${value}</arg>
<doc>Runs the specified keyword and retries if it fails.</doc>
<kw name="Input Text" library="SeleniumLibrary">
<arg>${locator}</arg>
<arg>${value}</arg>
<doc>Types the given ``text`` into the text field identified by ``locator``.</doc>
<msg timestamp="20220728 13:27:54.554" level="INFO">Typing text 'KMR10200117' into text field '//input[@autocomplete='new-username']'.</msg>
<status status="PASS" starttime="20220728 13:27:54.554" endtime="20220728 13:27:54.669"/>
</kw>
<status status="PASS" starttime="20220728 13:27:54.553" endtime="20220728 13:27:54.670"/>
</kw>
<status status="PASS" starttime="20220728 13:27:54.551" endtime="20220728 13:27:54.670"/>
</kw>
<status status="PASS" starttime="20220728 13:27:54.386" endtime="20220728 13:27:54.670"/>
</kw>
<kw name="Click Item" library="Common">
<arg>${LoginPage}[NextButton]</arg>
<kw name="Verify elements is visible and displayed" library="Common">
<arg>${locator}</arg>
<doc>Keyword to verify locator is enabled and visibled on a page.</doc>
<kw name="Wait Until Element Is Enabled" library="SeleniumLibrary">
<arg>${locator}</arg>
<arg>timeout=60</arg>
<doc>Waits until the element ``locator`` is enabled.</doc>
<status status="PASS" starttime="20220728 13:27:54.671" endtime="20220728 13:27:54.719"/>
</kw>
<kw name="Wait Until Element Is Visible" library="SeleniumLibrary">
<arg>${locator}</arg>
<arg>timeout=60</arg>
<doc>Waits until the element ``locator`` is visible.</doc>
<status status="PASS" starttime="20220728 13:27:54.719" endtime="20220728 13:27:54.750"/>
</kw>
<kw name="Page Should Contain Element" library="SeleniumLibrary">
<arg>${locator}</arg>
<arg>timeout=60</arg>
<doc>Verifies that element ``locator`` is found on the current page.</doc>
<msg timestamp="20220728 13:27:54.759" level="INFO">Current page contains element '//button[text()='Next']'.</msg>
<status status="PASS" starttime="20220728 13:27:54.751" endtime="20220728 13:27:54.760"/>
</kw>
<kw name="Wait Until Keyword Succeeds" library="BuiltIn">
<arg>${TimeOut}</arg>
<arg>${Start}</arg>
<arg>wait until page contains element</arg>
<arg>${locator}</arg>
<doc>Runs the specified keyword and retries if it fails.</doc>
<kw name="Wait Until Page Contains Element" library="SeleniumLibrary">
<arg>${locator}</arg>
<doc>Waits until the element ``locator`` appears on the current page.</doc>
<status status="PASS" starttime="20220728 13:27:54.761" endtime="20220728 13:27:54.769"/>
</kw>
<status status="PASS" starttime="20220728 13:27:54.760" endtime="20220728 13:27:54.769"/>
</kw>
<status status="PASS" starttime="20220728 13:27:54.670" endtime="20220728 13:27:54.769"/>
</kw>
<kw name="Wait Until Keyword Succeeds" library="BuiltIn">
<arg>${TimeOut}</arg>
<arg>${Start}</arg>
<arg>click element</arg>
<arg>${locator}</arg>
<doc>Runs the specified keyword and retries if it fails.</doc>
<kw name="Click Element" library="SeleniumLibrary">
<arg>${locator}</arg>
<doc>Click the element identified by ``locator``.</doc>
<msg timestamp="20220728 13:27:54.770" level="INFO">Clicking element '//button[text()='Next']'.</msg>
<status status="PASS" starttime="20220728 13:27:54.770" endtime="20220728 13:27:54.834"/>
</kw>
<status status="PASS" starttime="20220728 13:27:54.770" endtime="20220728 13:27:54.835"/>
</kw>
<status status="PASS" starttime="20220728 13:27:54.670" endtime="20220728 13:27:54.835"/>
</kw>
<kw name="Sleep" library="BuiltIn">
<arg>4s</arg>
<doc>Pauses the test executed for the given time.</doc>
<msg timestamp="20220728 13:27:58.848" level="INFO">Slept 4 seconds</msg>
<status status="PASS" starttime="20220728 13:27:54.835" endtime="20220728 13:27:58.848"/>
</kw>
<kw name="Set Input" library="Common">
<arg>${LoginPage}[Password]</arg>
<arg>${pass}</arg>
<kw name="Click Item" library="Common">
<arg>${locator}</arg>
<kw name="Verify elements is visible and displayed" library="Common">
<arg>${locator}</arg>
<doc>Keyword to verify locator is enabled and visibled on a page.</doc>
<kw name="Wait Until Element Is Enabled" library="SeleniumLibrary">
<arg>${locator}</arg>
<arg>timeout=60</arg>
<doc>Waits until the element ``locator`` is enabled.</doc>
<status status="PASS" starttime="20220728 13:27:58.849" endtime="20220728 13:27:58.893"/>
</kw>
<kw name="Wait Until Element Is Visible" library="SeleniumLibrary">
<arg>${locator}</arg>
<arg>timeout=60</arg>
<doc>Waits until the element ``locator`` is visible.</doc>
<status status="PASS" starttime="20220728 13:27:58.893" endtime="20220728 13:27:58.915"/>
</kw>
<kw name="Page Should Contain Element" library="SeleniumLibrary">
<arg>${locator}</arg>
<arg>timeout=60</arg>
<doc>Verifies that element ``locator`` is found on the current page.</doc>
<msg timestamp="20220728 13:27:58.923" level="INFO">Current page contains element '//input[@class='form-control']'.</msg>
<status status="PASS" starttime="20220728 13:27:58.915" endtime="20220728 13:27:58.923"/>
</kw>
<kw name="Wait Until Keyword Succeeds" library="BuiltIn">
<arg>${TimeOut}</arg>
<arg>${Start}</arg>
<arg>wait until page contains element</arg>
<arg>${locator}</arg>
<doc>Runs the specified keyword and retries if it fails.</doc>
<kw name="Wait Until Page Contains Element" library="SeleniumLibrary">
<arg>${locator}</arg>
<doc>Waits until the element ``locator`` appears on the current page.</doc>
<status status="PASS" starttime="20220728 13:27:58.924" endtime="20220728 13:27:58.934"/>
</kw>
<status status="PASS" starttime="20220728 13:27:58.923" endtime="20220728 13:27:58.934"/>
</kw>
<status status="PASS" starttime="20220728 13:27:58.848" endtime="20220728 13:27:58.934"/>
</kw>
<kw name="Wait Until Keyword Succeeds" library="BuiltIn">
<arg>${TimeOut}</arg>
<arg>${Start}</arg>
<arg>click element</arg>
<arg>${locator}</arg>
<doc>Runs the specified keyword and retries if it fails.</doc>
<kw name="Click Element" library="SeleniumLibrary">
<arg>${locator}</arg>
<doc>Click the element identified by ``locator``.</doc>
<msg timestamp="20220728 13:27:58.935" level="INFO">Clicking element '//input[@class='form-control']'.</msg>
<status status="PASS" starttime="20220728 13:27:58.934" endtime="20220728 13:27:58.990"/>
</kw>
<status status="PASS" starttime="20220728 13:27:58.934" endtime="20220728 13:27:58.990"/>
</kw>
<status status="PASS" starttime="20220728 13:27:58.848" endtime="20220728 13:27:58.991"/>
</kw>
<kw name="Run Keyword If" library="BuiltIn">
<arg>'${value}' == 'nan'</arg>
<arg>Log To Console</arg>
<arg>NANACONDITION</arg>
<arg>ELSE IF</arg>
<arg>'${value}' == 'BLANK'</arg>
<arg>Wait Until Keyword Succeeds</arg>
<arg>${TimeOut}</arg>
<arg>${Start}</arg>
<arg>input text</arg>
<arg>${locator}</arg>
<arg>\</arg>
<arg>ELSE</arg>
<arg>Wait Until Keyword Succeeds</arg>
<arg>${TimeOut}</arg>
<arg>${Start}</arg>
<arg>input text</arg>
<arg>${locator}</arg>
<arg>${value}</arg>
<doc>Runs the given keyword with the given arguments, if ``condition`` is true.</doc>
<kw name="Wait Until Keyword Succeeds" library="BuiltIn">
<arg>${TimeOut}</arg>
<arg>${Start}</arg>
<arg>input text</arg>
<arg>${locator}</arg>
<arg>${value}</arg>
<doc>Runs the specified keyword and retries if it fails.</doc>
<kw name="Input Text" library="SeleniumLibrary">
<arg>${locator}</arg>
<arg>${value}</arg>
<doc>Types the given ``text`` into the text field identified by ``locator``.</doc>
<msg timestamp="20220728 13:27:58.994" level="INFO">Typing text '828977' into text field '//input[@class='form-control']'.</msg>
<status status="PASS" starttime="20220728 13:27:58.993" endtime="20220728 13:27:59.098"/>
</kw>
<status status="PASS" starttime="20220728 13:27:58.992" endtime="20220728 13:27:59.098"/>
</kw>
<status status="PASS" starttime="20220728 13:27:58.991" endtime="20220728 13:27:59.098"/>
</kw>
<status status="PASS" starttime="20220728 13:27:58.848" endtime="20220728 13:27:59.099"/>
</kw>
<kw name="Click Item" library="Common">
<arg>${LoginPage}[Loginbtn]</arg>
<kw name="Verify elements is visible and displayed" library="Common">
<arg>${locator}</arg>
<doc>Keyword to verify locator is enabled and visibled on a page.</doc>
<kw name="Wait Until Element Is Enabled" library="SeleniumLibrary">
<arg>${locator}</arg>
<arg>timeout=60</arg>
<doc>Waits until the element ``locator`` is enabled.</doc>
<status status="PASS" starttime="20220728 13:27:59.102" endtime="20220728 13:27:59.146"/>
</kw>
<kw name="Wait Until Element Is Visible" library="SeleniumLibrary">
<arg>${locator}</arg>
<arg>timeout=60</arg>
<doc>Waits until the element ``locator`` is visible.</doc>
<status status="PASS" starttime="20220728 13:27:59.147" endtime="20220728 13:27:59.165"/>
</kw>
<kw name="Page Should Contain Element" library="SeleniumLibrary">
<arg>${locator}</arg>
<arg>timeout=60</arg>
<doc>Verifies that element ``locator`` is found on the current page.</doc>
<msg timestamp="20220728 13:27:59.176" level="INFO">Current page contains element '//button[text()='Login']'.</msg>
<status status="PASS" starttime="20220728 13:27:59.165" endtime="20220728 13:27:59.176"/>
</kw>
<kw name="Wait Until Keyword Succeeds" library="BuiltIn">
<arg>${TimeOut}</arg>
<arg>${Start}</arg>
<arg>wait until page contains element</arg>
<arg>${locator}</arg>
<doc>Runs the specified keyword and retries if it fails.</doc>
<kw name="Wait Until Page Contains Element" library="SeleniumLibrary">
<arg>${locator}</arg>
<doc>Waits until the element ``locator`` appears on the current page.</doc>
<status status="PASS" starttime="20220728 13:27:59.177" endtime="20220728 13:27:59.185"/>
</kw>
<status status="PASS" starttime="20220728 13:27:59.176" endtime="20220728 13:27:59.185"/>
</kw>
<status status="PASS" starttime="20220728 13:27:59.101" endtime="20220728 13:27:59.185"/>
</kw>
<kw name="Wait Until Keyword Succeeds" library="BuiltIn">
<arg>${TimeOut}</arg>
<arg>${Start}</arg>
<arg>click element</arg>
<arg>${locator}</arg>
<doc>Runs the specified keyword and retries if it fails.</doc>
<kw name="Click Element" library="SeleniumLibrary">
<arg>${locator}</arg>
<doc>Click the element identified by ``locator``.</doc>
<msg timestamp="20220728 13:27:59.186" level="INFO">Clicking element '//button[text()='Login']'.</msg>
<status status="PASS" starttime="20220728 13:27:59.186" endtime="20220728 13:27:59.233"/>
</kw>
<status status="PASS" starttime="20220728 13:27:59.185" endtime="20220728 13:27:59.233"/>
</kw>
<status status="PASS" starttime="20220728 13:27:59.099" endtime="20220728 13:27:59.234"/>
</kw>
<kw name="Verify elements is visible and displayed" library="Common">
<arg>//div[text()='Dashboard']</arg>
<doc>Keyword to verify locator is enabled and visibled on a page.</doc>
<kw name="Wait Until Element Is Enabled" library="SeleniumLibrary">
<arg>${locator}</arg>
<arg>timeout=60</arg>
<doc>Waits until the element ``locator`` is enabled.</doc>
<status status="PASS" starttime="20220728 13:27:59.234" endtime="20220728 13:28:01.442"/>
</kw>
<kw name="Wait Until Element Is Visible" library="SeleniumLibrary">
<arg>${locator}</arg>
<arg>timeout=60</arg>
<doc>Waits until the element ``locator`` is visible.</doc>
<status status="PASS" starttime="20220728 13:28:01.442" endtime="20220728 13:28:01.460"/>
</kw>
<kw name="Page Should Contain Element" library="SeleniumLibrary">
<arg>${locator}</arg>
<arg>timeout=60</arg>
<doc>Verifies that element ``locator`` is found on the current page.</doc>
<msg timestamp="20220728 13:28:01.468" level="INFO">Current page contains element '//div[text()='Dashboard']'.</msg>
<status status="PASS" starttime="20220728 13:28:01.460" endtime="20220728 13:28:01.468"/>
</kw>
<kw name="Wait Until Keyword Succeeds" library="BuiltIn">
<arg>${TimeOut}</arg>
<arg>${Start}</arg>
<arg>wait until page contains element</arg>
<arg>${locator}</arg>
<doc>Runs the specified keyword and retries if it fails.</doc>
<kw name="Wait Until Page Contains Element" library="SeleniumLibrary">
<arg>${locator}</arg>
<doc>Waits until the element ``locator`` appears on the current page.</doc>
<status status="PASS" starttime="20220728 13:28:01.468" endtime="20220728 13:28:01.481"/>
</kw>
<status status="PASS" starttime="20220728 13:28:01.468" endtime="20220728 13:28:01.481"/>
</kw>
<status status="PASS" starttime="20220728 13:27:59.234" endtime="20220728 13:28:01.481"/>
</kw>
<status status="PASS" starttime="20220728 13:27:49.380" endtime="20220728 13:28:01.481"/>
</kw>
<kw name="Read Number of Rows" library="Read_TestData_Keyword">
<var>${row}</var>
<arg>${SMARTFREN_TESTDATA}</arg>
<arg>SMARTFREN_BELI_PAKET</arg>
<kw name="Fetch No Rows" library="ReadDataFromExcel">
<var>${maxr}</var>
<arg>${filename}</arg>
<arg>${sheetname}</arg>
<msg timestamp="20220728 13:28:01.559" level="INFO">${maxr} = 5</msg>
<status status="PASS" starttime="20220728 13:28:01.482" endtime="20220728 13:28:01.559"/>
</kw>
<msg timestamp="20220728 13:28:01.560" level="INFO">${row} = 5</msg>
<status status="PASS" starttime="20220728 13:28:01.481" endtime="20220728 13:28:01.560"/>
</kw>
<kw name="Beli Paket 1" library="SF_UI_Keywords">
<arg>${row}</arg>
<kw name="Click Item" library="Common">
<arg>${BeliPacketDetailsPage}[Apps]</arg>
<kw name="Verify elements is visible and displayed" library="Common">
<arg>${locator}</arg>
<doc>Keyword to verify locator is enabled and visibled on a page.</doc>
<kw name="Wait Until Element Is Enabled" library="SeleniumLibrary">
<arg>${locator}</arg>
<arg>timeout=60</arg>
<doc>Waits until the element ``locator`` is enabled.</doc>
<status status="PASS" starttime="20220728 13:28:01.564" endtime="20220728 13:28:01.600"/>
</kw>
<kw name="Wait Until Element Is Visible" library="SeleniumLibrary">
<arg>${locator}</arg>
<arg>timeout=60</arg>
<doc>Waits until the element ``locator`` is visible.</doc>
<status status="PASS" starttime="20220728 13:28:01.601" endtime="20220728 13:28:01.619"/>
</kw>
<kw name="Page Should Contain Element" library="SeleniumLibrary">
<arg>${locator}</arg>
<arg>timeout=60</arg>
<doc>Verifies that element ``locator`` is found on the current page.</doc>
<msg timestamp="20220728 13:28:01.625" level="INFO">Current page contains element '//div/span[text()='Apps']'.</msg>
<status status="PASS" starttime="20220728 13:28:01.619" endtime="20220728 13:28:01.625"/>
</kw>
<kw name="Wait Until Keyword Succeeds" library="BuiltIn">
<arg>${TimeOut}</arg>
<arg>${Start}</arg>
<arg>wait until page contains element</arg>
<arg>${locator}</arg>
<doc>Runs the specified keyword and retries if it fails.</doc>
<kw name="Wait Until Page Contains Element" library="SeleniumLibrary">
<arg>${locator}</arg>
<doc>Waits until the element ``locator`` appears on the current page.</doc>
<status status="PASS" starttime="20220728 13:28:01.626" endtime="20220728 13:28:01.637"/>
</kw>
<status status="PASS" starttime="20220728 13:28:01.626" endtime="20220728 13:28:01.637"/>
</kw>
<status status="PASS" starttime="20220728 13:28:01.562" endtime="20220728 13:28:01.637"/>
</kw>
<kw name="Wait Until Keyword Succeeds" library="BuiltIn">
<arg>${TimeOut}</arg>
<arg>${Start}</arg>
<arg>click element</arg>
<arg>${locator}</arg>
<doc>Runs the specified keyword and retries if it fails.</doc>
<kw name="Click Element" library="SeleniumLibrary">
<arg>${locator}</arg>
<doc>Click the element identified by ``locator``.</doc>
<msg timestamp="20220728 13:28:01.638" level="INFO">Clicking element '//div/span[text()='Apps']'.</msg>
<status status="PASS" starttime="20220728 13:28:01.638" endtime="20220728 13:28:01.699"/>
</kw>
<status status="PASS" starttime="20220728 13:28:01.638" endtime="20220728 13:28:01.700"/>
</kw>
<status status="PASS" starttime="20220728 13:28:01.561" endtime="20220728 13:28:01.700"/>
</kw>
<kw name="Click Item" library="Common">
<arg>${BeliPacketDetailsPage}[POSApp]</arg>
<kw name="Verify elements is visible and displayed" library="Common">
<arg>${locator}</arg>
<doc>Keyword to verify locator is enabled and visibled on a page.</doc>
<kw name="Wait Until Element Is Enabled" library="SeleniumLibrary">
<arg>${locator}</arg>
<arg>timeout=60</arg>
<doc>Waits until the element ``locator`` is enabled.</doc>
<status status="PASS" starttime="20220728 13:28:01.704" endtime="20220728 13:28:01.753"/>
</kw>
<kw name="Wait Until Element Is Visible" library="SeleniumLibrary">
<arg>${locator}</arg>
<arg>timeout=60</arg>
<doc>Waits until the element ``locator`` is visible.</doc>
<status status="PASS" starttime="20220728 13:28:01.754" endtime="20220728 13:28:01.774"/>
</kw>
<kw name="Page Should Contain Element" library="SeleniumLibrary">
<arg>${locator}</arg>
<arg>timeout=60</arg>
<doc>Verifies that element ``locator`` is found on the current page.</doc>
<msg timestamp="20220728 13:28:01.782" level="INFO">Current page contains element '//button/span[text()='POS']'.</msg>
<status status="PASS" starttime="20220728 13:28:01.774" endtime="20220728 13:28:01.782"/>
</kw>
<kw name="Wait Until Keyword Succeeds" library="BuiltIn">
<arg>${TimeOut}</arg>
<arg>${Start}</arg>
<arg>wait until page contains element</arg>
<arg>${locator}</arg>
<doc>Runs the specified keyword and retries if it fails.</doc>
<kw name="Wait Until Page Contains Element" library="SeleniumLibrary">
<arg>${locator}</arg>
<doc>Waits until the element ``locator`` appears on the current page.</doc>
<status status="PASS" starttime="20220728 13:28:01.783" endtime="20220728 13:28:01.789"/>
</kw>
<status status="PASS" starttime="20220728 13:28:01.782" endtime="20220728 13:28:01.789"/>
</kw>
<status status="PASS" starttime="20220728 13:28:01.702" endtime="20220728 13:28:01.789"/>
</kw>
<kw name="Wait Until Keyword Succeeds" library="BuiltIn">
<arg>${TimeOut}</arg>
<arg>${Start}</arg>
<arg>click element</arg>
<arg>${locator}</arg>
<doc>Runs the specified keyword and retries if it fails.</doc>
<kw name="Click Element" library="SeleniumLibrary">
<arg>${locator}</arg>
<doc>Click the element identified by ``locator``.</doc>
<msg timestamp="20220728 13:28:01.790" level="INFO">Clicking element '//button/span[text()='POS']'.</msg>
<status status="PASS" starttime="20220728 13:28:01.790" endtime="20220728 13:28:01.839"/>
</kw>
<status status="PASS" starttime="20220728 13:28:01.790" endtime="20220728 13:28:01.839"/>
</kw>
<status status="PASS" starttime="20220728 13:28:01.700" endtime="20220728 13:28:01.839"/>
</kw>
<kw name="Click Item" library="Common">
<arg>${BeliPacketDetailsPage}[BeliPaket]</arg>
<kw name="Verify elements is visible and displayed" library="Common">
<arg>${locator}</arg>
<doc>Keyword to verify locator is enabled and visibled on a page.</doc>
<kw name="Wait Until Element Is Enabled" library="SeleniumLibrary">
<arg>${locator}</arg>
<arg>timeout=60</arg>
<doc>Waits until the element ``locator`` is enabled.</doc>
<status status="PASS" starttime="20220728 13:28:01.841" endtime="20220728 13:28:01.872"/>
</kw>
<kw name="Wait Until Element Is Visible" library="SeleniumLibrary">
<arg>${locator}</arg>
<arg>timeout=60</arg>
<doc>Waits until the element ``locator`` is visible.</doc>
<status status="PASS" starttime="20220728 13:28:01.873" endtime="20220728 13:28:01.893"/>
</kw>
<kw name="Page Should Contain Element" library="SeleniumLibrary">
<arg>${locator}</arg>
<arg>timeout=60</arg>
<doc>Verifies that element ``locator`` is found on the current page.</doc>
<msg timestamp="20220728 13:28:01.901" level="INFO">Current page contains element '//img[contains(@src,'/sfdms/images/menus/beliPaket.svg')]'.</msg>
<status status="PASS" starttime="20220728 13:28:01.894" endtime="20220728 13:28:01.901"/>
</kw>
<kw name="Wait Until Keyword Succeeds" library="BuiltIn">
<arg>${TimeOut}</arg>
<arg>${Start}</arg>
<arg>wait until page contains element</arg>
<arg>${locator}</arg>
<doc>Runs the specified keyword and retries if it fails.</doc>
<kw name="Wait Until Page Contains Element" library="SeleniumLibrary">
<arg>${locator}</arg>
<doc>Waits until the element ``locator`` appears on the current page.</doc>
<status status="PASS" starttime="20220728 13:28:01.901" endtime="20220728 13:28:01.909"/>
</kw>
<status status="PASS" starttime="20220728 13:28:01.901" endtime="20220728 13:28:01.909"/>
</kw>
<status status="PASS" starttime="20220728 13:28:01.840" endtime="20220728 13:28:01.909"/>
</kw>
<kw name="Wait Until Keyword Succeeds" library="BuiltIn">
<arg>${TimeOut}</arg>
<arg>${Start}</arg>
<arg>click element</arg>
<arg>${locator}</arg>
<doc>Runs the specified keyword and retries if it fails.</doc>
<kw name="Click Element" library="SeleniumLibrary">
<arg>${locator}</arg>
<doc>Click the element identified by ``locator``.</doc>
<msg timestamp="20220728 13:28:01.910" level="INFO">Clicking element '//img[contains(@src,'/sfdms/images/menus/beliPaket.svg')]'.</msg>
<status status="PASS" starttime="20220728 13:28:01.910" endtime="20220728 13:28:01.975"/>
</kw>
<status status="PASS" starttime="20220728 13:28:01.909" endtime="20220728 13:28:01.975"/>
</kw>
<status status="PASS" starttime="20220728 13:28:01.840" endtime="20220728 13:28:01.975"/>
</kw>
<for flavor="IN RANGE">
<var>${i}</var>
<value>0</value>
<value>${row}-1</value>
<iter>
<var name="${i}">0</var>
<kw name="Fetch Row Data" library="Read_TestData_Keyword">
<var>${data}</var>
<arg>${SMARTFREN_TESTDATA}</arg>
<arg>SMARTFREN_BELI_PAKET</arg>
<arg>${i}</arg>
<kw name="Fetch Row" library="ReadDataFromExcel">
<var>${rowdata}</var>
<arg>${filename}</arg>
<arg>${sheetname}</arg>
<arg>${row}</arg>
<msg timestamp="20220728 13:28:02.036" level="INFO">${rowdata} =   DUPLICATE_ENTRY TestCaseId TestDataId  Scenario  ...  PIN_NUMBER_Digit4 PIN_NUMBER_Digit5 PIN_NUMBER_Digit6                                MESSAGE
0     TC_001TD_01     TC_001      TD_01  NEGATIVE  ...</msg>
<status status="PASS" starttime="20220728 13:28:01.976" endtime="20220728 13:28:02.036"/>
</kw>
<msg timestamp="20220728 13:28:02.055" level="INFO">${data} =   DUPLICATE_ENTRY TestCaseId TestDataId  Scenario  ...  PIN_NUMBER_Digit4 PIN_NUMBER_Digit5 PIN_NUMBER_Digit6                                MESSAGE
0     TC_001TD_01     TC_001      TD_01  NEGATIVE  ...</msg>
<status status="PASS" starttime="20220728 13:28:01.976" endtime="20220728 13:28:02.055"/>
</kw>
<kw name="Get Value1" library="ReadDataFromExcel">
<var>${TestCaseId}</var>
<arg>${data}</arg>
<arg>TestCaseId</arg>
<msg timestamp="20220728 13:28:02.056" level="INFO">${TestCaseId} = TC_001</msg>
<status status="PASS" starttime="20220728 13:28:02.055" endtime="20220728 13:28:02.056"/>
</kw>
<kw name="Get Value1" library="ReadDataFromExcel">
<var>${TestDataId}</var>
<arg>${data}</arg>
<arg>TestDataId</arg>
<msg timestamp="20220728 13:28:02.057" level="INFO">${TestDataId} = TD_01</msg>
<status status="PASS" starttime="20220728 13:28:02.056" endtime="20220728 13:28:02.057"/>
</kw>
<kw name="Get Value1" library="ReadDataFromExcel">
<var>${MDN_NUMBER}</var>
<arg>${data}</arg>
<arg>MDN_Number</arg>
<msg timestamp="20220728 13:28:02.058" level="INFO">${MDN_NUMBER} = 88903200691</msg>
<status status="PASS" starttime="20220728 13:28:02.057" endtime="20220728 13:28:02.058"/>
</kw>
<kw name="Get Value1" library="ReadDataFromExcel">
<var>${PACKAGE}</var>
<arg>${data}</arg>
<arg>Package</arg>
<msg timestamp="20220728 13:28:02.058" level="INFO">${PACKAGE} = Unlimited Maxi 22,5 RB</msg>
<status status="PASS" starttime="20220728 13:28:02.058" endtime="20220728 13:28:02.058"/>
</kw>
<kw name="Get Value1" library="ReadDataFromExcel">
<var>${RP_VALUE}</var>
<arg>${data}</arg>
<arg>RP_Value</arg>
<msg timestamp="20220728 13:28:02.059" level="INFO">${RP_VALUE} = Rp 22.500</msg>
<status status="PASS" starttime="20220728 13:28:02.058" endtime="20220728 13:28:02.059"/>
</kw>
<kw name="Get Value1" library="ReadDataFromExcel">
<var>${PAYMENT_TYPE}</var>
<arg>${data}</arg>
<arg>Payment_Type</arg>
<msg timestamp="20220728 13:28:02.059" level="INFO">${PAYMENT_TYPE} = Eload Balance</msg>
<status status="PASS" starttime="20220728 13:28:02.059" endtime="20220728 13:28:02.059"/>
</kw>
<kw name="Get Value1" library="ReadDataFromExcel">
<var>${PIN_NUMBER_DIGIT1}</var>
<arg>${data}</arg>
<arg>PIN_NUMBER_Digit1</arg>
<msg timestamp="20220728 13:28:02.060" level="INFO">${PIN_NUMBER_DIGIT1} = 2</msg>
<status status="PASS" starttime="20220728 13:28:02.060" endtime="20220728 13:28:02.060"/>
</kw>
<kw name="Get Value1" library="ReadDataFromExcel">
<var>${PIN_NUMBER_DIGIT2}</var>
<arg>${data}</arg>
<arg>PIN_NUMBER_Digit2</arg>
<msg timestamp="20220728 13:28:02.061" level="INFO">${PIN_NUMBER_DIGIT2} = 5</msg>
<status status="PASS" starttime="20220728 13:28:02.060" endtime="20220728 13:28:02.061"/>
</kw>
<kw name="Get Value1" library="ReadDataFromExcel">
<var>${PIN_NUMBER_DIGIT3}</var>
<arg>${data}</arg>
<arg>PIN_NUMBER_Digit3</arg>
<msg timestamp="20220728 13:28:02.062" level="INFO">${PIN_NUMBER_DIGIT3} = 6</msg>
<status status="PASS" starttime="20220728 13:28:02.061" endtime="20220728 13:28:02.062"/>
</kw>
<kw name="Get Value1" library="ReadDataFromExcel">
<var>${PIN_NUMBER_DIGIT4}</var>
<arg>${data}</arg>
<arg>PIN_NUMBER_Digit4</arg>
<msg timestamp="20220728 13:28:02.062" level="INFO">${PIN_NUMBER_DIGIT4} = 0</msg>
<status status="PASS" starttime="20220728 13:28:02.062" endtime="20220728 13:28:02.062"/>
</kw>
<kw name="Get Value1" library="ReadDataFromExcel">
<var>${PIN_NUMBER_DIGIT5}</var>
<arg>${data}</arg>
<arg>PIN_NUMBER_Digit5</arg>
<msg timestamp="20220728 13:28:02.063" level="INFO">${PIN_NUMBER_DIGIT5} = 9</msg>
<status status="PASS" starttime="20220728 13:28:02.062" endtime="20220728 13:28:02.063"/>
</kw>
<kw name="Get Value1" library="ReadDataFromExcel">
<var>${PIN_NUMBER_DIGIT6}</var>
<arg>${data}</arg>
<arg>PIN_NUMBER_Digit6</arg>
<msg timestamp="20220728 13:28:02.063" level="INFO">${PIN_NUMBER_DIGIT6} = 6</msg>
<status status="PASS" starttime="20220728 13:28:02.063" endtime="20220728 13:28:02.063"/>
</kw>
<kw name="Get Value1" library="ReadDataFromExcel">
<var>${Scenario}</var>
<arg>${data}</arg>
<arg>Scenario</arg>
<msg timestamp="20220728 13:28:02.063" level="INFO">${Scenario} = NEGATIVE</msg>
<status status="PASS" starttime="20220728 13:28:02.063" endtime="20220728 13:28:02.063"/>
</kw>
<kw name="Get Value1" library="ReadDataFromExcel">
<var>${MESSAGE}</var>
<arg>${data}</arg>
<arg>MESSAGE</arg>
<msg timestamp="20220728 13:28:02.064" level="INFO">${MESSAGE} = Transaksi terdeteksi sebagai duplikat</msg>
<status status="PASS" starttime="20220728 13:28:02.063" endtime="20220728 13:28:02.064"/>
</kw>
<kw name="Log To Console" library="BuiltIn">
<arg>===========================================================</arg>
<doc>Logs the given message to the console.</doc>
<status status="PASS" starttime="20220728 13:28:02.064" endtime="20220728 13:28:02.064"/>
</kw>
<kw name="Log To Console" library="BuiltIn">
<arg>${TestCaseId}</arg>
<doc>Logs the given message to the console.</doc>
<status status="PASS" starttime="20220728 13:28:02.064" endtime="20220728 13:28:02.065"/>
</kw>
<kw name="Log To Console" library="BuiltIn">
<arg>===========================================================</arg>
<doc>Logs the given message to the console.</doc>
<status status="PASS" starttime="20220728 13:28:02.065" endtime="20220728 13:28:02.065"/>
</kw>
<kw name="Set Input" library="Common">
<arg>${BeliPacketDetailsPage}[InputMDN]</arg>
<arg>${MDN_NUMBER}</arg>
<kw name="Click Item" library="Common">
<arg>${locator}</arg>
<kw name="Verify elements is visible and displayed" library="Common">
<arg>${locator}</arg>
<doc>Keyword to verify locator is enabled and visibled on a page.</doc>
<kw name="Wait Until Element Is Enabled" library="SeleniumLibrary">
<arg>${locator}</arg>
<arg>timeout=60</arg>
<doc>Waits until the element ``locator`` is enabled.</doc>
<status status="PASS" starttime="20220728 13:28:02.067" endtime="20220728 13:28:02.995"/>
</kw>
<kw name="Wait Until Element Is Visible" library="SeleniumLibrary">
<arg>${locator}</arg>
<arg>timeout=60</arg>
<doc>Waits until the element ``locator`` is visible.</doc>
<status status="PASS" starttime="20220728 13:28:02.995" endtime="20220728 13:28:03.012"/>
</kw>
<kw name="Page Should Contain Element" library="SeleniumLibrary">
<arg>${locator}</arg>
<arg>timeout=60</arg>
<doc>Verifies that element ``locator`` is found on the current page.</doc>
<msg timestamp="20220728 13:28:03.020" level="INFO">Current page contains element '//input[@id='mdn__id']'.</msg>
<status status="PASS" starttime="20220728 13:28:03.012" endtime="20220728 13:28:03.020"/>
</kw>
<kw name="Wait Until Keyword Succeeds" library="BuiltIn">
<arg>${TimeOut}</arg>
<arg>${Start}</arg>
<arg>wait until page contains element</arg>
<arg>${locator}</arg>
<doc>Runs the specified keyword and retries if it fails.</doc>
<kw name="Wait Until Page Contains Element" library="SeleniumLibrary">
<arg>${locator}</arg>
<doc>Waits until the element ``locator`` appears on the current page.</doc>
<status status="PASS" starttime="20220728 13:28:03.021" endtime="20220728 13:28:03.030"/>
</kw>
<status status="PASS" starttime="20220728 13:28:03.020" endtime="20220728 13:28:03.030"/>
</kw>
<status status="PASS" starttime="20220728 13:28:02.066" endtime="20220728 13:28:03.030"/>
</kw>
<kw name="Wait Until Keyword Succeeds" library="BuiltIn">
<arg>${TimeOut}</arg>
<arg>${Start}</arg>
<arg>click element</arg>
<arg>${locator}</arg>
<doc>Runs the specified keyword and retries if it fails.</doc>
<kw name="Click Element" library="SeleniumLibrary">
<arg>${locator}</arg>
<doc>Click the element identified by ``locator``.</doc>
<msg timestamp="20220728 13:28:03.031" level="INFO">Clicking element '//input[@id='mdn__id']'.</msg>
<status status="PASS" starttime="20220728 13:28:03.031" endtime="20220728 13:28:03.099"/>
</kw>
<status status="PASS" starttime="20220728 13:28:03.030" endtime="20220728 13:28:03.099"/>
</kw>
<status status="PASS" starttime="20220728 13:28:02.066" endtime="20220728 13:28:03.099"/>
</kw>
<kw name="Run Keyword If" library="BuiltIn">
<arg>'${value}' == 'nan'</arg>
<arg>Log To Console</arg>
<arg>NANACONDITION</arg>
<arg>ELSE IF</arg>
<arg>'${value}' == 'BLANK'</arg>
<arg>Wait Until Keyword Succeeds</arg>
<arg>${TimeOut}</arg>
<arg>${Start}</arg>
<arg>input text</arg>
<arg>${locator}</arg>
<arg>\</arg>
<arg>ELSE</arg>
<arg>Wait Until Keyword Succeeds</arg>
<arg>${TimeOut}</arg>
<arg>${Start}</arg>
<arg>input text</arg>
<arg>${locator}</arg>
<arg>${value}</arg>
<doc>Runs the given keyword with the given arguments, if ``condition`` is true.</doc>
<kw name="Wait Until Keyword Succeeds" library="BuiltIn">
<arg>${TimeOut}</arg>
<arg>${Start}</arg>
<arg>input text</arg>
<arg>${locator}</arg>
<arg>${value}</arg>
<doc>Runs the specified keyword and retries if it fails.</doc>
<kw name="Input Text" library="SeleniumLibrary">
<arg>${locator}</arg>
<arg>${value}</arg>
<doc>Types the given ``text`` into the text field identified by ``locator``.</doc>
<msg timestamp="20220728 13:28:03.104" level="INFO">Typing text '88903200691' into text field '//input[@id='mdn__id']'.</msg>
<status status="PASS" starttime="20220728 13:28:03.103" endtime="20220728 13:28:03.218"/>
</kw>
<status status="PASS" starttime="20220728 13:28:03.102" endtime="20220728 13:28:03.218"/>
</kw>
<status status="PASS" starttime="20220728 13:28:03.100" endtime="20220728 13:28:03.218"/>
</kw>
<status status="PASS" starttime="20220728 13:28:02.066" endtime="20220728 13:28:03.218"/>
</kw>
<kw name="Click Item" library="Common">
<arg>${BeliPacketDetailsPage}[InputMDNProceedButton]</arg>
<kw name="Verify elements is visible and displayed" library="Common">
<arg>${locator}</arg>
<doc>Keyword to verify locator is enabled and visibled on a page.</doc>
<kw name="Wait Until Element Is Enabled" library="SeleniumLibrary">
<arg>${locator}</arg>
<arg>timeout=60</arg>
<doc>Waits until the element ``locator`` is enabled.</doc>
<status status="PASS" starttime="20220728 13:28:03.219" endtime="20220728 13:28:03.248"/>
</kw>
<kw name="Wait Until Element Is Visible" library="SeleniumLibrary">
<arg>${locator}</arg>
<arg>timeout=60</arg>
<doc>Waits until the element ``locator`` is visible.</doc>
<status status="PASS" starttime="20220728 13:28:03.248" endtime="20220728 13:28:03.272"/>
</kw>
<kw name="Page Should Contain Element" library="SeleniumLibrary">
<arg>${locator}</arg>
<arg>timeout=60</arg>
<doc>Verifies that element ``locator`` is found on the current page.</doc>
<msg timestamp="20220728 13:28:03.281" level="INFO">Current page contains element '//div[text()=' Proceed']'.</msg>
<status status="PASS" starttime="20220728 13:28:03.272" endtime="20220728 13:28:03.281"/>
</kw>
<kw name="Wait Until Keyword Succeeds" library="BuiltIn">
<arg>${TimeOut}</arg>
<arg>${Start}</arg>
<arg>wait until page contains element</arg>
<arg>${locator}</arg>
<doc>Runs the specified keyword and retries if it fails.</doc>
<kw name="Wait Until Page Contains Element" library="SeleniumLibrary">
<arg>${locator}</arg>
<doc>Waits until the element ``locator`` appears on the current page.</doc>
<status status="PASS" starttime="20220728 13:28:03.282" endtime="20220728 13:28:03.290"/>
</kw>
<status status="PASS" starttime="20220728 13:28:03.281" endtime="20220728 13:28:03.290"/>
</kw>
<status status="PASS" starttime="20220728 13:28:03.219" endtime="20220728 13:28:03.290"/>
</kw>
<kw name="Wait Until Keyword Succeeds" library="BuiltIn">
<arg>${TimeOut}</arg>
<arg>${Start}</arg>
<arg>click element</arg>
<arg>${locator}</arg>
<doc>Runs the specified keyword and retries if it fails.</doc>
<kw name="Click Element" library="SeleniumLibrary">
<arg>${locator}</arg>
<doc>Click the element identified by ``locator``.</doc>
<msg timestamp="20220728 13:28:03.292" level="INFO">Clicking element '//div[text()=' Proceed']'.</msg>
<status status="PASS" starttime="20220728 13:28:03.291" endtime="20220728 13:28:03.343"/>
</kw>
<status status="PASS" starttime="20220728 13:28:03.291" endtime="20220728 13:28:03.343"/>
</kw>
<status status="PASS" starttime="20220728 13:28:03.218" endtime="20220728 13:28:03.344"/>
</kw>
<kw name="Set Input" library="Common">
<arg>${BeliPacketDetailsPage}[SearchPackage]</arg>
<arg>${PACKAGE}</arg>
<kw name="Click Item" library="Common">
<arg>${locator}</arg>
<kw name="Verify elements is visible and displayed" library="Common">
<arg>${locator}</arg>
<doc>Keyword to verify locator is enabled and visibled on a page.</doc>
<kw name="Wait Until Element Is Enabled" library="SeleniumLibrary">
<arg>${locator}</arg>
<arg>timeout=60</arg>
<doc>Waits until the element ``locator`` is enabled.</doc>
<status status="PASS" starttime="20220728 13:28:03.345" endtime="20220728 13:28:09.518"/>
</kw>
<kw name="Wait Until Element Is Visible" library="SeleniumLibrary">
<arg>${locator}</arg>
<arg>timeout=60</arg>
<doc>Waits until the element ``locator`` is visible.</doc>
<status status="PASS" starttime="20220728 13:28:09.518" endtime="20220728 13:28:09.542"/>
</kw>
<kw name="Page Should Contain Element" library="SeleniumLibrary">
<arg>${locator}</arg>
<arg>timeout=60</arg>
<doc>Verifies that element ``locator`` is found on the current page.</doc>
<msg timestamp="20220728 13:28:09.551" level="INFO">Current page contains element '//input[@id='searchValue__id']'.</msg>
<status status="PASS" starttime="20220728 13:28:09.542" endtime="20220728 13:28:09.552"/>
</kw>
<kw name="Wait Until Keyword Succeeds" library="BuiltIn">
<arg>${TimeOut}</arg>
<arg>${Start}</arg>
<arg>wait until page contains element</arg>
<arg>${locator}</arg>
<doc>Runs the specified keyword and retries if it fails.</doc>
<kw name="Wait Until Page Contains Element" library="SeleniumLibrary">
<arg>${locator}</arg>
<doc>Waits until the element ``locator`` appears on the current page.</doc>
<status status="PASS" starttime="20220728 13:28:09.552" endtime="20220728 13:28:09.561"/>
</kw>
<status status="PASS" starttime="20220728 13:28:09.552" endtime="20220728 13:28:09.561"/>
</kw>
<status status="PASS" starttime="20220728 13:28:03.345" endtime="20220728 13:28:09.561"/>
</kw>
<kw name="Wait Until Keyword Succeeds" library="BuiltIn">
<arg>${TimeOut}</arg>
<arg>${Start}</arg>
<arg>click element</arg>
<arg>${locator}</arg>
<doc>Runs the specified keyword and retries if it fails.</doc>
<kw name="Click Element" library="SeleniumLibrary">
<arg>${locator}</arg>
<doc>Click the element identified by ``locator``.</doc>
<msg timestamp="20220728 13:28:09.562" level="INFO">Clicking element '//input[@id='searchValue__id']'.</msg>
<status status="PASS" starttime="20220728 13:28:09.562" endtime="20220728 13:28:09.613"/>
</kw>
<status status="PASS" starttime="20220728 13:28:09.561" endtime="20220728 13:28:09.613"/>
</kw>
<status status="PASS" starttime="20220728 13:28:03.344" endtime="20220728 13:28:09.613"/>
</kw>
<kw name="Run Keyword If" library="BuiltIn">
<arg>'${value}' == 'nan'</arg>
<arg>Log To Console</arg>
<arg>NANACONDITION</arg>
<arg>ELSE IF</arg>
<arg>'${value}' == 'BLANK'</arg>
<arg>Wait Until Keyword Succeeds</arg>
<arg>${TimeOut}</arg>
<arg>${Start}</arg>
<arg>input text</arg>
<arg>${locator}</arg>
<arg>\</arg>
<arg>ELSE</arg>
<arg>Wait Until Keyword Succeeds</arg>
<arg>${TimeOut}</arg>
<arg>${Start}</arg>
<arg>input text</arg>
<arg>${locator}</arg>
<arg>${value}</arg>
<doc>Runs the given keyword with the given arguments, if ``condition`` is true.</doc>
<kw name="Wait Until Keyword Succeeds" library="BuiltIn">
<arg>${TimeOut}</arg>
<arg>${Start}</arg>
<arg>input text</arg>
<arg>${locator}</arg>
<arg>${value}</arg>
<doc>Runs the specified keyword and retries if it fails.</doc>
<kw name="Input Text" library="SeleniumLibrary">
<arg>${locator}</arg>
<arg>${value}</arg>
<doc>Types the given ``text`` into the text field identified by ``locator``.</doc>
<msg timestamp="20220728 13:28:09.614" level="INFO">Typing text 'Unlimited Maxi 22,5 RB' into text field '//input[@id='searchValue__id']'.</msg>
<status status="PASS" starttime="20220728 13:28:09.614" endtime="20220728 13:28:10.071"/>
</kw>
<status status="PASS" starttime="20220728 13:28:09.614" endtime="20220728 13:28:10.071"/>
</kw>
<status status="PASS" starttime="20220728 13:28:09.613" endtime="20220728 13:28:10.071"/>
</kw>
<status status="PASS" starttime="20220728 13:28:03.344" endtime="20220728 13:28:10.071"/>
</kw>
<kw name="Click Item" library="Common">
<arg>(//div[contains(text(),'${RP_Value}')])[1]</arg>
<kw name="Verify elements is visible and displayed" library="Common">
<arg>${locator}</arg>
<doc>Keyword to verify locator is enabled and visibled on a page.</doc>
<kw name="Wait Until Element Is Enabled" library="SeleniumLibrary">
<arg>${locator}</arg>
<arg>timeout=60</arg>
<doc>Waits until the element ``locator`` is enabled.</doc>
<status status="PASS" starttime="20220728 13:28:10.073" endtime="20220728 13:28:10.117"/>
</kw>
<kw name="Wait Until Element Is Visible" library="SeleniumLibrary">
<arg>${locator}</arg>
<arg>timeout=60</arg>
<doc>Waits until the element ``locator`` is visible.</doc>
<status status="PASS" starttime="20220728 13:28:10.118" endtime="20220728 13:28:10.135"/>
</kw>
<kw name="Page Should Contain Element" library="SeleniumLibrary">
<arg>${locator}</arg>
<arg>timeout=60</arg>
<doc>Verifies that element ``locator`` is found on the current page.</doc>
<msg timestamp="20220728 13:28:10.144" level="INFO">Current page contains element '(//div[contains(text(),'Rp 22.500')])[1]'.</msg>
<status status="PASS" starttime="20220728 13:28:10.135" endtime="20220728 13:28:10.144"/>
</kw>
<kw name="Wait Until Keyword Succeeds" library="BuiltIn">
<arg>${TimeOut}</arg>
<arg>${Start}</arg>
<arg>wait until page contains element</arg>
<arg>${locator}</arg>
<doc>Runs the specified keyword and retries if it fails.</doc>
<kw name="Wait Until Page Contains Element" library="SeleniumLibrary">
<arg>${locator}</arg>
<doc>Waits until the element ``locator`` appears on the current page.</doc>
<status status="PASS" starttime="20220728 13:28:10.145" endtime="20220728 13:28:10.152"/>
</kw>
<status status="PASS" starttime="20220728 13:28:10.144" endtime="20220728 13:28:10.152"/>
</kw>
<status status="PASS" starttime="20220728 13:28:10.072" endtime="20220728 13:28:10.152"/>
</kw>
<kw name="Wait Until Keyword Succeeds" library="BuiltIn">
<arg>${TimeOut}</arg>
<arg>${Start}</arg>
<arg>click element</arg>
<arg>${locator}</arg>
<doc>Runs the specified keyword and retries if it fails.</doc>
<kw name="Click Element" library="SeleniumLibrary">
<arg>${locator}</arg>
<doc>Click the element identified by ``locator``.</doc>
<msg timestamp="20220728 13:28:10.153" level="INFO">Clicking element '(//div[contains(text(),'Rp 22.500')])[1]'.</msg>
<status status="PASS" starttime="20220728 13:28:10.153" endtime="20220728 13:28:10.230"/>
</kw>
<status status="PASS" starttime="20220728 13:28:10.152" endtime="20220728 13:28:10.231"/>
</kw>
<status status="PASS" starttime="20220728 13:28:10.071" endtime="20220728 13:28:10.231"/>
</kw>
<kw name="Set Dropdown3" library="Common">
<arg>${BeliPacketDetailsPage}[PaymentTypeDropdown]</arg>
<arg>${PAYMENT_TYPE}</arg>
<kw name="Click Item" library="Common">
<arg>${dropdown}</arg>
<kw name="Verify elements is visible and displayed" library="Common">
<arg>${locator}</arg>
<doc>Keyword to verify locator is enabled and visibled on a page.</doc>
<kw name="Wait Until Element Is Enabled" library="SeleniumLibrary">
<arg>${locator}</arg>
<arg>timeout=60</arg>
<doc>Waits until the element ``locator`` is enabled.</doc>
<status status="PASS" starttime="20220728 13:28:10.232" endtime="20220728 13:28:10.503"/>
</kw>
<kw name="Wait Until Element Is Visible" library="SeleniumLibrary">
<arg>${locator}</arg>
<arg>timeout=60</arg>
<doc>Waits until the element ``locator`` is visible.</doc>
<status status="PASS" starttime="20220728 13:28:10.503" endtime="20220728 13:28:10.984"/>
</kw>
<kw name="Page Should Contain Element" library="SeleniumLibrary">
<arg>${locator}</arg>
<arg>timeout=60</arg>
<doc>Verifies that element ``locator`` is found on the current page.</doc>
<msg timestamp="20220728 13:28:10.994" level="INFO">Current page contains element '//div[@class='css-1pcexqc-container Select']'.</msg>
<status status="PASS" starttime="20220728 13:28:10.985" endtime="20220728 13:28:10.994"/>
</kw>
<kw name="Wait Until Keyword Succeeds" library="BuiltIn">
<arg>${TimeOut}</arg>
<arg>${Start}</arg>
<arg>wait until page contains element</arg>
<arg>${locator}</arg>
<doc>Runs the specified keyword and retries if it fails.</doc>
<kw name="Wait Until Page Contains Element" library="SeleniumLibrary">
<arg>${locator}</arg>
<doc>Waits until the element ``locator`` appears on the current page.</doc>
<status status="PASS" starttime="20220728 13:28:10.995" endtime="20220728 13:28:11.004"/>
</kw>
<status status="PASS" starttime="20220728 13:28:10.994" endtime="20220728 13:28:11.004"/>
</kw>
<status status="PASS" starttime="20220728 13:28:10.232" endtime="20220728 13:28:11.004"/>
</kw>
<kw name="Wait Until Keyword Succeeds" library="BuiltIn">
<arg>${TimeOut}</arg>
<arg>${Start}</arg>
<arg>click element</arg>
<arg>${locator}</arg>
<doc>Runs the specified keyword and retries if it fails.</doc>
<kw name="Click Element" library="SeleniumLibrary">
<arg>${locator}</arg>
<doc>Click the element identified by ``locator``.</doc>
<msg timestamp="20220728 13:28:11.005" level="INFO">Clicking element '//div[@class='css-1pcexqc-container Select']'.</msg>
<status status="PASS" starttime="20220728 13:28:11.005" endtime="20220728 13:28:11.065"/>
</kw>
<status status="PASS" starttime="20220728 13:28:11.004" endtime="20220728 13:28:11.065"/>
</kw>
<status status="PASS" starttime="20220728 13:28:10.231" endtime="20220728 13:28:11.066"/>
</kw>
<kw name="Execute Javascript" library="SeleniumLibrary">
<var>${bool}</var>
<arg>var a = document.querySelectorAll('input[type=radio]');for(var i=0;i&lt;a.length;i++){if(a[i].checked==true &amp;&amp; a[i].nextSibling.innerHTML.trim() === '${locator_div}') return true; else return false;}</arg>
<doc>Executes the given JavaScript code with possible arguments.</doc>
<msg timestamp="20220728 13:28:11.067" level="INFO">Executing JavaScript:
var a = document.querySelectorAll('input[type=radio]');for(var i=0;i&lt;a.length;i++){if(a[i].checked==true &amp;&amp; a[i].nextSibling.innerHTML.trim() === 'Eload Balance') return true; else return false;}
Without any arguments.</msg>
<msg timestamp="20220728 13:28:11.074" level="INFO">${bool} = None</msg>
<status status="PASS" starttime="20220728 13:28:11.066" endtime="20220728 13:28:11.074"/>
</kw>
<kw name="Log To Console" library="BuiltIn">
<arg>------------------------</arg>
<doc>Logs the given message to the console.</doc>
<status status="PASS" starttime="20220728 13:28:11.074" endtime="20220728 13:28:11.076"/>
</kw>
<kw name="Log To Console" library="BuiltIn">
<arg>${bool}</arg>
<doc>Logs the given message to the console.</doc>
<status status="PASS" starttime="20220728 13:28:11.077" endtime="20220728 13:28:11.077"/>
</kw>
<kw name="Log To Console" library="BuiltIn">
<arg>------------------------</arg>
<doc>Logs the given message to the console.</doc>
<status status="PASS" starttime="20220728 13:28:11.078" endtime="20220728 13:28:11.078"/>
</kw>
<if>
<branch type="IF" condition="not ${bool}">
<kw name="Click Item" library="Common">
<arg>//div[text()='${locator_div}']</arg>
<kw name="Verify elements is visible and displayed" library="Common">
<arg>${locator}</arg>
<doc>Keyword to verify locator is enabled and visibled on a page.</doc>
<kw name="Wait Until Element Is Enabled" library="SeleniumLibrary">
<arg>${locator}</arg>
<arg>timeout=60</arg>
<doc>Waits until the element ``locator`` is enabled.</doc>
<status status="PASS" starttime="20220728 13:28:11.080" endtime="20220728 13:28:11.122"/>
</kw>
<kw name="Wait Until Element Is Visible" library="SeleniumLibrary">
<arg>${locator}</arg>
<arg>timeout=60</arg>
<doc>Waits until the element ``locator`` is visible.</doc>
<status status="PASS" starttime="20220728 13:28:11.123" endtime="20220728 13:28:11.143"/>
</kw>
<kw name="Page Should Contain Element" library="SeleniumLibrary">
<arg>${locator}</arg>
<arg>timeout=60</arg>
<doc>Verifies that element ``locator`` is found on the current page.</doc>
<msg timestamp="20220728 13:28:11.152" level="INFO">Current page contains element '//div[text()='Eload Balance']'.</msg>
<status status="PASS" starttime="20220728 13:28:11.144" endtime="20220728 13:28:11.153"/>
</kw>
<kw name="Wait Until Keyword Succeeds" library="BuiltIn">
<arg>${TimeOut}</arg>
<arg>${Start}</arg>
<arg>wait until page contains element</arg>
<arg>${locator}</arg>
<doc>Runs the specified keyword and retries if it fails.</doc>
<kw name="Wait Until Page Contains Element" library="SeleniumLibrary">
<arg>${locator}</arg>
<doc>Waits until the element ``locator`` appears on the current page.</doc>
<status status="PASS" starttime="20220728 13:28:11.153" endtime="20220728 13:28:11.163"/>
</kw>
<status status="PASS" starttime="20220728 13:28:11.153" endtime="20220728 13:28:11.163"/>
</kw>
<status status="PASS" starttime="20220728 13:28:11.079" endtime="20220728 13:28:11.163"/>
</kw>
<kw name="Wait Until Keyword Succeeds" library="BuiltIn">
<arg>${TimeOut}</arg>
<arg>${Start}</arg>
<arg>click element</arg>
<arg>${locator}</arg>
<doc>Runs the specified keyword and retries if it fails.</doc>
<kw name="Click Element" library="SeleniumLibrary">
<arg>${locator}</arg>
<doc>Click the element identified by ``locator``.</doc>
<msg timestamp="20220728 13:28:11.164" level="INFO">Clicking element '//div[text()='Eload Balance']'.</msg>
<status status="PASS" starttime="20220728 13:28:11.164" endtime="20220728 13:28:11.215"/>
</kw>
<status status="PASS" starttime="20220728 13:28:11.163" endtime="20220728 13:28:11.215"/>
</kw>
<status status="PASS" starttime="20220728 13:28:11.079" endtime="20220728 13:28:11.215"/>
</kw>
<status status="PASS" starttime="20220728 13:28:11.079" endtime="20220728 13:28:11.215"/>
</branch>
<status status="PASS" starttime="20220728 13:28:11.078" endtime="20220728 13:28:11.215"/>
</if>
<status status="PASS" starttime="20220728 13:28:10.231" endtime="20220728 13:28:11.215"/>
</kw>
<kw name="Click Item" library="Common">
<arg>${BeliPacketDetailsPage}[FinalProccedButton]</arg>
<kw name="Verify elements is visible and displayed" library="Common">
<arg>${locator}</arg>
<doc>Keyword to verify locator is enabled and visibled on a page.</doc>
<kw name="Wait Until Element Is Enabled" library="SeleniumLibrary">
<arg>${locator}</arg>
<arg>timeout=60</arg>
<doc>Waits until the element ``locator`` is enabled.</doc>
<status status="PASS" starttime="20220728 13:28:11.217" endtime="20220728 13:28:11.248"/>
</kw>
<kw name="Wait Until Element Is Visible" library="SeleniumLibrary">
<arg>${locator}</arg>
<arg>timeout=60</arg>
<doc>Waits until the element ``locator`` is visible.</doc>
<status status="PASS" starttime="20220728 13:28:11.248" endtime="20220728 13:28:11.266"/>
</kw>
<kw name="Page Should Contain Element" library="SeleniumLibrary">
<arg>${locator}</arg>
<arg>timeout=60</arg>
<doc>Verifies that element ``locator`` is found on the current page.</doc>
<msg timestamp="20220728 13:28:11.273" level="INFO">Current page contains element '(//div[text()=' Proceed'])[2]'.</msg>
<status status="PASS" starttime="20220728 13:28:11.266" endtime="20220728 13:28:11.273"/>
</kw>
<kw name="Wait Until Keyword Succeeds" library="BuiltIn">
<arg>${TimeOut}</arg>
<arg>${Start}</arg>
<arg>wait until page contains element</arg>
<arg>${locator}</arg>
<doc>Runs the specified keyword and retries if it fails.</doc>
<kw name="Wait Until Page Contains Element" library="SeleniumLibrary">
<arg>${locator}</arg>
<doc>Waits until the element ``locator`` appears on the current page.</doc>
<status status="PASS" starttime="20220728 13:28:11.274" endtime="20220728 13:28:11.281"/>
</kw>
<status status="PASS" starttime="20220728 13:28:11.273" endtime="20220728 13:28:11.281"/>
</kw>
<status status="PASS" starttime="20220728 13:28:11.216" endtime="20220728 13:28:11.281"/>
</kw>
<kw name="Wait Until Keyword Succeeds" library="BuiltIn">
<arg>${TimeOut}</arg>
<arg>${Start}</arg>
<arg>click element</arg>
<arg>${locator}</arg>
<doc>Runs the specified keyword and retries if it fails.</doc>
<kw name="Click Element" library="SeleniumLibrary">
<arg>${locator}</arg>
<doc>Click the element identified by ``locator``.</doc>
<msg timestamp="20220728 13:28:11.282" level="INFO">Clicking element '(//div[text()=' Proceed'])[2]'.</msg>
<status status="PASS" starttime="20220728 13:28:11.282" endtime="20220728 13:28:11.329"/>
</kw>
<status status="PASS" starttime="20220728 13:28:11.281" endtime="20220728 13:28:11.329"/>
</kw>
<status status="PASS" starttime="20220728 13:28:11.216" endtime="20220728 13:28:11.330"/>
</kw>
<kw name="Set Input" library="Common">
<arg>${ISIPulsaDetailsPage}[PINDigit1]</arg>
<arg>${PIN_NUMBER_DIGIT1}</arg>
<kw name="Click Item" library="Common">
<arg>${locator}</arg>
<kw name="Verify elements is visible and displayed" library="Common">
<arg>${locator}</arg>
<doc>Keyword to verify locator is enabled and visibled on a page.</doc>
<kw name="Wait Until Element Is Enabled" library="SeleniumLibrary">
<arg>${locator}</arg>
<arg>timeout=60</arg>
<doc>Waits until the element ``locator`` is enabled.</doc>
<status status="PASS" starttime="20220728 13:28:11.331" endtime="20220728 13:28:11.365"/>
</kw>
<kw name="Wait Until Element Is Visible" library="SeleniumLibrary">
<arg>${locator}</arg>
<arg>timeout=60</arg>
<doc>Waits until the element ``locator`` is visible.</doc>
<status status="PASS" starttime="20220728 13:28:11.366" endtime="20220728 13:28:11.387"/>
</kw>
<kw name="Page Should Contain Element" library="SeleniumLibrary">
<arg>${locator}</arg>
<arg>timeout=60</arg>
<doc>Verifies that element ``locator`` is found on the current page.</doc>
<msg timestamp="20220728 13:28:11.395" level="INFO">Current page contains element '//input[@aria-label='Please enter verification code. Digit 1']'.</msg>
<status status="PASS" starttime="20220728 13:28:11.387" endtime="20220728 13:28:11.395"/>
</kw>
<kw name="Wait Until Keyword Succeeds" library="BuiltIn">
<arg>${TimeOut}</arg>
<arg>${Start}</arg>
<arg>wait until page contains element</arg>
<arg>${locator}</arg>
<doc>Runs the specified keyword and retries if it fails.</doc>
<kw name="Wait Until Page Contains Element" library="SeleniumLibrary">
<arg>${locator}</arg>
<doc>Waits until the element ``locator`` appears on the current page.</doc>
<status status="PASS" starttime="20220728 13:28:11.396" endtime="20220728 13:28:11.402"/>
</kw>
<status status="PASS" starttime="20220728 13:28:11.395" endtime="20220728 13:28:11.402"/>
</kw>
<status status="PASS" starttime="20220728 13:28:11.330" endtime="20220728 13:28:11.403"/>
</kw>
<kw name="Wait Until Keyword Succeeds" library="BuiltIn">
<arg>${TimeOut}</arg>
<arg>${Start}</arg>
<arg>click element</arg>
<arg>${locator}</arg>
<doc>Runs the specified keyword and retries if it fails.</doc>
<kw name="Click Element" library="SeleniumLibrary">
<arg>${locator}</arg>
<doc>Click the element identified by ``locator``.</doc>
<msg timestamp="20220728 13:28:11.403" level="INFO">Clicking element '//input[@aria-label='Please enter verification code. Digit 1']'.</msg>
<status status="PASS" starttime="20220728 13:28:11.403" endtime="20220728 13:28:11.460"/>
</kw>
<status status="PASS" starttime="20220728 13:28:11.403" endtime="20220728 13:28:11.460"/>
</kw>
<status status="PASS" starttime="20220728 13:28:11.330" endtime="20220728 13:28:11.460"/>
</kw>
<kw name="Run Keyword If" library="BuiltIn">
<arg>'${value}' == 'nan'</arg>
<arg>Log To Console</arg>
<arg>NANACONDITION</arg>
<arg>ELSE IF</arg>
<arg>'${value}' == 'BLANK'</arg>
<arg>Wait Until Keyword Succeeds</arg>
<arg>${TimeOut}</arg>
<arg>${Start}</arg>
<arg>input text</arg>
<arg>${locator}</arg>
<arg>\</arg>
<arg>ELSE</arg>
<arg>Wait Until Keyword Succeeds</arg>
<arg>${TimeOut}</arg>
<arg>${Start}</arg>
<arg>input text</arg>
<arg>${locator}</arg>
<arg>${value}</arg>
<doc>Runs the given keyword with the given arguments, if ``condition`` is true.</doc>
<kw name="Wait Until Keyword Succeeds" library="BuiltIn">
<arg>${TimeOut}</arg>
<arg>${Start}</arg>
<arg>input text</arg>
<arg>${locator}</arg>
<arg>${value}</arg>
<doc>Runs the specified keyword and retries if it fails.</doc>
<kw name="Input Text" library="SeleniumLibrary">
<arg>${locator}</arg>
<arg>${value}</arg>
<doc>Types the given ``text`` into the text field identified by ``locator``.</doc>
<msg timestamp="20220728 13:28:11.462" level="INFO">Typing text '2' into text field '//input[@aria-label='Please enter verification code. Digit 1']'.</msg>
<status status="PASS" starttime="20220728 13:28:11.461" endtime="20220728 13:28:11.527"/>
</kw>
<status status="PASS" starttime="20220728 13:28:11.461" endtime="20220728 13:28:11.527"/>
</kw>
<status status="PASS" starttime="20220728 13:28:11.460" endtime="20220728 13:28:11.527"/>
</kw>
<status status="PASS" starttime="20220728 13:28:11.330" endtime="20220728 13:28:11.528"/>
</kw>
<kw name="Set Input" library="Common">
<arg>${ISIPulsaDetailsPage}[PINDigit2]</arg>
<arg>${PIN_NUMBER_DIGIT2}</arg>
<kw name="Click Item" library="Common">
<arg>${locator}</arg>
<kw name="Verify elements is visible and displayed" library="Common">
<arg>${locator}</arg>
<doc>Keyword to verify locator is enabled and visibled on a page.</doc>
<kw name="Wait Until Element Is Enabled" library="SeleniumLibrary">
<arg>${locator}</arg>
<arg>timeout=60</arg>
<doc>Waits until the element ``locator`` is enabled.</doc>
<status status="PASS" starttime="20220728 13:28:11.532" endtime="20220728 13:28:11.572"/>
</kw>
<kw name="Wait Until Element Is Visible" library="SeleniumLibrary">
<arg>${locator}</arg>
<arg>timeout=60</arg>
<doc>Waits until the element ``locator`` is visible.</doc>
<status status="PASS" starttime="20220728 13:28:11.572" endtime="20220728 13:28:11.596"/>
</kw>
<kw name="Page Should Contain Element" library="SeleniumLibrary">
<arg>${locator}</arg>
<arg>timeout=60</arg>
<doc>Verifies that element ``locator`` is found on the current page.</doc>
<msg timestamp="20220728 13:28:11.602" level="INFO">Current page contains element '//input[@aria-label='Digit 2']'.</msg>
<status status="PASS" starttime="20220728 13:28:11.596" endtime="20220728 13:28:11.602"/>
</kw>
<kw name="Wait Until Keyword Succeeds" library="BuiltIn">
<arg>${TimeOut}</arg>
<arg>${Start}</arg>
<arg>wait until page contains element</arg>
<arg>${locator}</arg>
<doc>Runs the specified keyword and retries if it fails.</doc>
<kw name="Wait Until Page Contains Element" library="SeleniumLibrary">
<arg>${locator}</arg>
<doc>Waits until the element ``locator`` appears on the current page.</doc>
<status status="PASS" starttime="20220728 13:28:11.603" endtime="20220728 13:28:11.612"/>
</kw>
<status status="PASS" starttime="20220728 13:28:11.603" endtime="20220728 13:28:11.612"/>
</kw>
<status status="PASS" starttime="20220728 13:28:11.531" endtime="20220728 13:28:11.612"/>
</kw>
<kw name="Wait Until Keyword Succeeds" library="BuiltIn">
<arg>${TimeOut}</arg>
<arg>${Start}</arg>
<arg>click element</arg>
<arg>${locator}</arg>
<doc>Runs the specified keyword and retries if it fails.</doc>
<kw name="Click Element" library="SeleniumLibrary">
<arg>${locator}</arg>
<doc>Click the element identified by ``locator``.</doc>
<msg timestamp="20220728 13:28:11.613" level="INFO">Clicking element '//input[@aria-label='Digit 2']'.</msg>
<status status="PASS" starttime="20220728 13:28:11.612" endtime="20220728 13:28:11.654"/>
</kw>
<status status="PASS" starttime="20220728 13:28:11.612" endtime="20220728 13:28:11.654"/>
</kw>
<status status="PASS" starttime="20220728 13:28:11.530" endtime="20220728 13:28:11.654"/>
</kw>
<kw name="Run Keyword If" library="BuiltIn">
<arg>'${value}' == 'nan'</arg>
<arg>Log To Console</arg>
<arg>NANACONDITION</arg>
<arg>ELSE IF</arg>
<arg>'${value}' == 'BLANK'</arg>
<arg>Wait Until Keyword Succeeds</arg>
<arg>${TimeOut}</arg>
<arg>${Start}</arg>
<arg>input text</arg>
<arg>${locator}</arg>
<arg>\</arg>
<arg>ELSE</arg>
<arg>Wait Until Keyword Succeeds</arg>
<arg>${TimeOut}</arg>
<arg>${Start}</arg>
<arg>input text</arg>
<arg>${locator}</arg>
<arg>${value}</arg>
<doc>Runs the given keyword with the given arguments, if ``condition`` is true.</doc>
<kw name="Wait Until Keyword Succeeds" library="BuiltIn">
<arg>${TimeOut}</arg>
<arg>${Start}</arg>
<arg>input text</arg>
<arg>${locator}</arg>
<arg>${value}</arg>
<doc>Runs the specified keyword and retries if it fails.</doc>
<kw name="Input Text" library="SeleniumLibrary">
<arg>${locator}</arg>
<arg>${value}</arg>
<doc>Types the given ``text`` into the text field identified by ``locator``.</doc>
<msg timestamp="20220728 13:28:11.655" level="INFO">Typing text '5' into text field '//input[@aria-label='Digit 2']'.</msg>
<status status="PASS" starttime="20220728 13:28:11.655" endtime="20220728 13:28:11.716"/>
</kw>
<status status="PASS" starttime="20220728 13:28:11.655" endtime="20220728 13:28:11.717"/>
</kw>
<status status="PASS" starttime="20220728 13:28:11.654" endtime="20220728 13:28:11.717"/>
</kw>
<status status="PASS" starttime="20220728 13:28:11.528" endtime="20220728 13:28:11.717"/>
</kw>
<kw name="Set Input" library="Common">
<arg>${ISIPulsaDetailsPage}[PINDigit3]</arg>
<arg>${PIN_NUMBER_DIGIT3}</arg>
<kw name="Click Item" library="Common">
<arg>${locator}</arg>
<kw name="Verify elements is visible and displayed" library="Common">
<arg>${locator}</arg>
<doc>Keyword to verify locator is enabled and visibled on a page.</doc>
<kw name="Wait Until Element Is Enabled" library="SeleniumLibrary">
<arg>${locator}</arg>
<arg>timeout=60</arg>
<doc>Waits until the element ``locator`` is enabled.</doc>
<status status="PASS" starttime="20220728 13:28:11.718" endtime="20220728 13:28:11.766"/>
</kw>
<kw name="Wait Until Element Is Visible" library="SeleniumLibrary">
<arg>${locator}</arg>
<arg>timeout=60</arg>
<doc>Waits until the element ``locator`` is visible.</doc>
<status status="PASS" starttime="20220728 13:28:11.767" endtime="20220728 13:28:11.784"/>
</kw>
<kw name="Page Should Contain Element" library="SeleniumLibrary">
<arg>${locator}</arg>
<arg>timeout=60</arg>
<doc>Verifies that element ``locator`` is found on the current page.</doc>
<msg timestamp="20220728 13:28:11.792" level="INFO">Current page contains element '//input[@aria-label='Digit 3']'.</msg>
<status status="PASS" starttime="20220728 13:28:11.785" endtime="20220728 13:28:11.792"/>
</kw>
<kw name="Wait Until Keyword Succeeds" library="BuiltIn">
<arg>${TimeOut}</arg>
<arg>${Start}</arg>
<arg>wait until page contains element</arg>
<arg>${locator}</arg>
<doc>Runs the specified keyword and retries if it fails.</doc>
<kw name="Wait Until Page Contains Element" library="SeleniumLibrary">
<arg>${locator}</arg>
<doc>Waits until the element ``locator`` appears on the current page.</doc>
<status status="PASS" starttime="20220728 13:28:11.793" endtime="20220728 13:28:11.800"/>
</kw>
<status status="PASS" starttime="20220728 13:28:11.793" endtime="20220728 13:28:11.800"/>
</kw>
<status status="PASS" starttime="20220728 13:28:11.718" endtime="20220728 13:28:11.800"/>
</kw>
<kw name="Wait Until Keyword Succeeds" library="BuiltIn">
<arg>${TimeOut}</arg>
<arg>${Start}</arg>
<arg>click element</arg>
<arg>${locator}</arg>
<doc>Runs the specified keyword and retries if it fails.</doc>
<kw name="Click Element" library="SeleniumLibrary">
<arg>${locator}</arg>
<doc>Click the element identified by ``locator``.</doc>
<msg timestamp="20220728 13:28:11.801" level="INFO">Clicking element '//input[@aria-label='Digit 3']'.</msg>
<status status="PASS" starttime="20220728 13:28:11.800" endtime="20220728 13:28:11.842"/>
</kw>
<status status="PASS" starttime="20220728 13:28:11.800" endtime="20220728 13:28:11.842"/>
</kw>
<status status="PASS" starttime="20220728 13:28:11.717" endtime="20220728 13:28:11.843"/>
</kw>
<kw name="Run Keyword If" library="BuiltIn">
<arg>'${value}' == 'nan'</arg>
<arg>Log To Console</arg>
<arg>NANACONDITION</arg>
<arg>ELSE IF</arg>
<arg>'${value}' == 'BLANK'</arg>
<arg>Wait Until Keyword Succeeds</arg>
<arg>${TimeOut}</arg>
<arg>${Start}</arg>
<arg>input text</arg>
<arg>${locator}</arg>
<arg>\</arg>
<arg>ELSE</arg>
<arg>Wait Until Keyword Succeeds</arg>
<arg>${TimeOut}</arg>
<arg>${Start}</arg>
<arg>input text</arg>
<arg>${locator}</arg>
<arg>${value}</arg>
<doc>Runs the given keyword with the given arguments, if ``condition`` is true.</doc>
<kw name="Wait Until Keyword Succeeds" library="BuiltIn">
<arg>${TimeOut}</arg>
<arg>${Start}</arg>
<arg>input text</arg>
<arg>${locator}</arg>
<arg>${value}</arg>
<doc>Runs the specified keyword and retries if it fails.</doc>
<kw name="Input Text" library="SeleniumLibrary">
<arg>${locator}</arg>
<arg>${value}</arg>
<doc>Types the given ``text`` into the text field identified by ``locator``.</doc>
<msg timestamp="20220728 13:28:11.844" level="INFO">Typing text '6' into text field '//input[@aria-label='Digit 3']'.</msg>
<status status="PASS" starttime="20220728 13:28:11.844" endtime="20220728 13:28:11.900"/>
</kw>
<status status="PASS" starttime="20220728 13:28:11.843" endtime="20220728 13:28:11.900"/>
</kw>
<status status="PASS" starttime="20220728 13:28:11.843" endtime="20220728 13:28:11.900"/>
</kw>
<status status="PASS" starttime="20220728 13:28:11.717" endtime="20220728 13:28:11.900"/>
</kw>
<kw name="Set Input" library="Common">
<arg>${ISIPulsaDetailsPage}[PINDigit4]</arg>
<arg>${PIN_NUMBER_DIGIT4}</arg>
<kw name="Click Item" library="Common">
<arg>${locator}</arg>
<kw name="Verify elements is visible and displayed" library="Common">
<arg>${locator}</arg>
<doc>Keyword to verify locator is enabled and visibled on a page.</doc>
<kw name="Wait Until Element Is Enabled" library="SeleniumLibrary">
<arg>${locator}</arg>
<arg>timeout=60</arg>
<doc>Waits until the element ``locator`` is enabled.</doc>
<status status="PASS" starttime="20220728 13:28:11.902" endtime="20220728 13:28:11.935"/>
</kw>
<kw name="Wait Until Element Is Visible" library="SeleniumLibrary">
<arg>${locator}</arg>
<arg>timeout=60</arg>
<doc>Waits until the element ``locator`` is visible.</doc>
<status status="PASS" starttime="20220728 13:28:11.935" endtime="20220728 13:28:11.951"/>
</kw>
<kw name="Page Should Contain Element" library="SeleniumLibrary">
<arg>${locator}</arg>
<arg>timeout=60</arg>
<doc>Verifies that element ``locator`` is found on the current page.</doc>
<msg timestamp="20220728 13:28:11.958" level="INFO">Current page contains element '//input[@aria-label='Digit 4']'.</msg>
<status status="PASS" starttime="20220728 13:28:11.951" endtime="20220728 13:28:11.959"/>
</kw>
<kw name="Wait Until Keyword Succeeds" library="BuiltIn">
<arg>${TimeOut}</arg>
<arg>${Start}</arg>
<arg>wait until page contains element</arg>
<arg>${locator}</arg>
<doc>Runs the specified keyword and retries if it fails.</doc>
<kw name="Wait Until Page Contains Element" library="SeleniumLibrary">
<arg>${locator}</arg>
<doc>Waits until the element ``locator`` appears on the current page.</doc>
<status status="PASS" starttime="20220728 13:28:11.959" endtime="20220728 13:28:11.966"/>
</kw>
<status status="PASS" starttime="20220728 13:28:11.959" endtime="20220728 13:28:11.966"/>
</kw>
<status status="PASS" starttime="20220728 13:28:11.902" endtime="20220728 13:28:11.966"/>
</kw>
<kw name="Wait Until Keyword Succeeds" library="BuiltIn">
<arg>${TimeOut}</arg>
<arg>${Start}</arg>
<arg>click element</arg>
<arg>${locator}</arg>
<doc>Runs the specified keyword and retries if it fails.</doc>
<kw name="Click Element" library="SeleniumLibrary">
<arg>${locator}</arg>
<doc>Click the element identified by ``locator``.</doc>
<msg timestamp="20220728 13:28:11.967" level="INFO">Clicking element '//input[@aria-label='Digit 4']'.</msg>
<status status="PASS" starttime="20220728 13:28:11.967" endtime="20220728 13:28:12.006"/>
</kw>
<status status="PASS" starttime="20220728 13:28:11.966" endtime="20220728 13:28:12.006"/>
</kw>
<status status="PASS" starttime="20220728 13:28:11.900" endtime="20220728 13:28:12.006"/>
</kw>
<kw name="Run Keyword If" library="BuiltIn">
<arg>'${value}' == 'nan'</arg>
<arg>Log To Console</arg>
<arg>NANACONDITION</arg>
<arg>ELSE IF</arg>
<arg>'${value}' == 'BLANK'</arg>
<arg>Wait Until Keyword Succeeds</arg>
<arg>${TimeOut}</arg>
<arg>${Start}</arg>
<arg>input text</arg>
<arg>${locator}</arg>
<arg>\</arg>
<arg>ELSE</arg>
<arg>Wait Until Keyword Succeeds</arg>
<arg>${TimeOut}</arg>
<arg>${Start}</arg>
<arg>input text</arg>
<arg>${locator}</arg>
<arg>${value}</arg>
<doc>Runs the given keyword with the given arguments, if ``condition`` is true.</doc>
<kw name="Wait Until Keyword Succeeds" library="BuiltIn">
<arg>${TimeOut}</arg>
<arg>${Start}</arg>
<arg>input text</arg>
<arg>${locator}</arg>
<arg>${value}</arg>
<doc>Runs the specified keyword and retries if it fails.</doc>
<kw name="Input Text" library="SeleniumLibrary">
<arg>${locator}</arg>
<arg>${value}</arg>
<doc>Types the given ``text`` into the text field identified by ``locator``.</doc>
<msg timestamp="20220728 13:28:12.008" level="INFO">Typing text '0' into text field '//input[@aria-label='Digit 4']'.</msg>
<status status="PASS" starttime="20220728 13:28:12.007" endtime="20220728 13:28:12.064"/>
</kw>
<status status="PASS" starttime="20220728 13:28:12.007" endtime="20220728 13:28:12.065"/>
</kw>
<status status="PASS" starttime="20220728 13:28:12.006" endtime="20220728 13:28:12.065"/>
</kw>
<status status="PASS" starttime="20220728 13:28:11.900" endtime="20220728 13:28:12.065"/>
</kw>
<kw name="Set Input" library="Common">
<arg>${ISIPulsaDetailsPage}[PINDigit5]</arg>
<arg>${PIN_NUMBER_DIGIT5}</arg>
<kw name="Click Item" library="Common">
<arg>${locator}</arg>
<kw name="Verify elements is visible and displayed" library="Common">
<arg>${locator}</arg>
<doc>Keyword to verify locator is enabled and visibled on a page.</doc>
<kw name="Wait Until Element Is Enabled" library="SeleniumLibrary">
<arg>${locator}</arg>
<arg>timeout=60</arg>
<doc>Waits until the element ``locator`` is enabled.</doc>
<status status="PASS" starttime="20220728 13:28:12.066" endtime="20220728 13:28:12.098"/>
</kw>
<kw name="Wait Until Element Is Visible" library="SeleniumLibrary">
<arg>${locator}</arg>
<arg>timeout=60</arg>
<doc>Waits until the element ``locator`` is visible.</doc>
<status status="PASS" starttime="20220728 13:28:12.098" endtime="20220728 13:28:12.115"/>
</kw>
<kw name="Page Should Contain Element" library="SeleniumLibrary">
<arg>${locator}</arg>
<arg>timeout=60</arg>
<doc>Verifies that element ``locator`` is found on the current page.</doc>
<msg timestamp="20220728 13:28:12.121" level="INFO">Current page contains element '//input[@aria-label='Digit 5']'.</msg>
<status status="PASS" starttime="20220728 13:28:12.115" endtime="20220728 13:28:12.121"/>
</kw>
<kw name="Wait Until Keyword Succeeds" library="BuiltIn">
<arg>${TimeOut}</arg>
<arg>${Start}</arg>
<arg>wait until page contains element</arg>
<arg>${locator}</arg>
<doc>Runs the specified keyword and retries if it fails.</doc>
<kw name="Wait Until Page Contains Element" library="SeleniumLibrary">
<arg>${locator}</arg>
<doc>Waits until the element ``locator`` appears on the current page.</doc>
<status status="PASS" starttime="20220728 13:28:12.122" endtime="20220728 13:28:12.130"/>
</kw>
<status status="PASS" starttime="20220728 13:28:12.122" endtime="20220728 13:28:12.130"/>
</kw>
<status status="PASS" starttime="20220728 13:28:12.066" endtime="20220728 13:28:12.130"/>
</kw>
<kw name="Wait Until Keyword Succeeds" library="BuiltIn">
<arg>${TimeOut}</arg>
<arg>${Start}</arg>
<arg>click element</arg>
<arg>${locator}</arg>
<doc>Runs the specified keyword and retries if it fails.</doc>
<kw name="Click Element" library="SeleniumLibrary">
<arg>${locator}</arg>
<doc>Click the element identified by ``locator``.</doc>
<msg timestamp="20220728 13:28:12.131" level="INFO">Clicking element '//input[@aria-label='Digit 5']'.</msg>
<status status="PASS" starttime="20220728 13:28:12.131" endtime="20220728 13:28:12.172"/>
</kw>
<status status="PASS" starttime="20220728 13:28:12.131" endtime="20220728 13:28:12.172"/>
</kw>
<status status="PASS" starttime="20220728 13:28:12.065" endtime="20220728 13:28:12.172"/>
</kw>
<kw name="Run Keyword If" library="BuiltIn">
<arg>'${value}' == 'nan'</arg>
<arg>Log To Console</arg>
<arg>NANACONDITION</arg>
<arg>ELSE IF</arg>
<arg>'${value}' == 'BLANK'</arg>
<arg>Wait Until Keyword Succeeds</arg>
<arg>${TimeOut}</arg>
<arg>${Start}</arg>
<arg>input text</arg>
<arg>${locator}</arg>
<arg>\</arg>
<arg>ELSE</arg>
<arg>Wait Until Keyword Succeeds</arg>
<arg>${TimeOut}</arg>
<arg>${Start}</arg>
<arg>input text</arg>
<arg>${locator}</arg>
<arg>${value}</arg>
<doc>Runs the given keyword with the given arguments, if ``condition`` is true.</doc>
<kw name="Wait Until Keyword Succeeds" library="BuiltIn">
<arg>${TimeOut}</arg>
<arg>${Start}</arg>
<arg>input text</arg>
<arg>${locator}</arg>
<arg>${value}</arg>
<doc>Runs the specified keyword and retries if it fails.</doc>
<kw name="Input Text" library="SeleniumLibrary">
<arg>${locator}</arg>
<arg>${value}</arg>
<doc>Types the given ``text`` into the text field identified by ``locator``.</doc>
<msg timestamp="20220728 13:28:12.174" level="INFO">Typing text '9' into text field '//input[@aria-label='Digit 5']'.</msg>
<status status="PASS" starttime="20220728 13:28:12.173" endtime="20220728 13:28:12.229"/>
</kw>
<status status="PASS" starttime="20220728 13:28:12.173" endtime="20220728 13:28:12.229"/>
</kw>
<status status="PASS" starttime="20220728 13:28:12.172" endtime="20220728 13:28:12.229"/>
</kw>
<status status="PASS" starttime="20220728 13:28:12.065" endtime="20220728 13:28:12.229"/>
</kw>
<kw name="Set Input" library="Common">
<arg>${ISIPulsaDetailsPage}[PINDigit6]</arg>
<arg>${PIN_NUMBER_DIGIT6}</arg>
<kw name="Click Item" library="Common">
<arg>${locator}</arg>
<kw name="Verify elements is visible and displayed" library="Common">
<arg>${locator}</arg>
<doc>Keyword to verify locator is enabled and visibled on a page.</doc>
<kw name="Wait Until Element Is Enabled" library="SeleniumLibrary">
<arg>${locator}</arg>
<arg>timeout=60</arg>
<doc>Waits until the element ``locator`` is enabled.</doc>
<status status="PASS" starttime="20220728 13:28:12.230" endtime="20220728 13:28:12.263"/>
</kw>
<kw name="Wait Until Element Is Visible" library="SeleniumLibrary">
<arg>${locator}</arg>
<arg>timeout=60</arg>
<doc>Waits until the element ``locator`` is visible.</doc>
<status status="PASS" starttime="20220728 13:28:12.264" endtime="20220728 13:28:12.281"/>
</kw>
<kw name="Page Should Contain Element" library="SeleniumLibrary">
<arg>${locator}</arg>
<arg>timeout=60</arg>
<doc>Verifies that element ``locator`` is found on the current page.</doc>
<msg timestamp="20220728 13:28:12.288" level="INFO">Current page contains element '//input[@aria-label='Digit 6']'.</msg>
<status status="PASS" starttime="20220728 13:28:12.281" endtime="20220728 13:28:12.288"/>
</kw>
<kw name="Wait Until Keyword Succeeds" library="BuiltIn">
<arg>${TimeOut}</arg>
<arg>${Start}</arg>
<arg>wait until page contains element</arg>
<arg>${locator}</arg>
<doc>Runs the specified keyword and retries if it fails.</doc>
<kw name="Wait Until Page Contains Element" library="SeleniumLibrary">
<arg>${locator}</arg>
<doc>Waits until the element ``locator`` appears on the current page.</doc>
<status status="PASS" starttime="20220728 13:28:12.289" endtime="20220728 13:28:12.296"/>
</kw>
<status status="PASS" starttime="20220728 13:28:12.288" endtime="20220728 13:28:12.296"/>
</kw>
<status status="PASS" starttime="20220728 13:28:12.230" endtime="20220728 13:28:12.296"/>
</kw>
<kw name="Wait Until Keyword Succeeds" library="BuiltIn">
<arg>${TimeOut}</arg>
<arg>${Start}</arg>
<arg>click element</arg>
<arg>${locator}</arg>
<doc>Runs the specified keyword and retries if it fails.</doc>
<kw name="Click Element" library="SeleniumLibrary">
<arg>${locator}</arg>
<doc>Click the element identified by ``locator``.</doc>
<msg timestamp="20220728 13:28:12.297" level="INFO">Clicking element '//input[@aria-label='Digit 6']'.</msg>
<status status="PASS" starttime="20220728 13:28:12.297" endtime="20220728 13:28:12.336"/>
</kw>
<status status="PASS" starttime="20220728 13:28:12.296" endtime="20220728 13:28:12.336"/>
</kw>
<status status="PASS" starttime="20220728 13:28:12.229" endtime="20220728 13:28:12.336"/>
</kw>
<kw name="Run Keyword If" library="BuiltIn">
<arg>'${value}' == 'nan'</arg>
<arg>Log To Console</arg>
<arg>NANACONDITION</arg>
<arg>ELSE IF</arg>
<arg>'${value}' == 'BLANK'</arg>
<arg>Wait Until Keyword Succeeds</arg>
<arg>${TimeOut}</arg>
<arg>${Start}</arg>
<arg>input text</arg>
<arg>${locator}</arg>
<arg>\</arg>
<arg>ELSE</arg>
<arg>Wait Until Keyword Succeeds</arg>
<arg>${TimeOut}</arg>
<arg>${Start}</arg>
<arg>input text</arg>
<arg>${locator}</arg>
<arg>${value}</arg>
<doc>Runs the given keyword with the given arguments, if ``condition`` is true.</doc>
<kw name="Wait Until Keyword Succeeds" library="BuiltIn">
<arg>${TimeOut}</arg>
<arg>${Start}</arg>
<arg>input text</arg>
<arg>${locator}</arg>
<arg>${value}</arg>
<doc>Runs the specified keyword and retries if it fails.</doc>
<kw name="Input Text" library="SeleniumLibrary">
<arg>${locator}</arg>
<arg>${value}</arg>
<doc>Types the given ``text`` into the text field identified by ``locator``.</doc>
<msg timestamp="20220728 13:28:12.337" level="INFO">Typing text '6' into text field '//input[@aria-label='Digit 6']'.</msg>
<status status="PASS" starttime="20220728 13:28:12.337" endtime="20220728 13:28:12.389"/>
</kw>
<status status="PASS" starttime="20220728 13:28:12.337" endtime="20220728 13:28:12.389"/>
</kw>
<status status="PASS" starttime="20220728 13:28:12.336" endtime="20220728 13:28:12.389"/>
</kw>
<status status="PASS" starttime="20220728 13:28:12.229" endtime="20220728 13:28:12.390"/>
</kw>
<kw name="Click Item" library="Common">
<arg>${ISIPulsaDetailsPage}[ConfirmButton]</arg>
<kw name="Verify elements is visible and displayed" library="Common">
<arg>${locator}</arg>
<doc>Keyword to verify locator is enabled and visibled on a page.</doc>
<kw name="Wait Until Element Is Enabled" library="SeleniumLibrary">
<arg>${locator}</arg>
<arg>timeout=60</arg>
<doc>Waits until the element ``locator`` is enabled.</doc>
<status status="PASS" starttime="20220728 13:28:12.391" endtime="20220728 13:28:12.420"/>
</kw>
<kw name="Wait Until Element Is Visible" library="SeleniumLibrary">
<arg>${locator}</arg>
<arg>timeout=60</arg>
<doc>Waits until the element ``locator`` is visible.</doc>
<status status="PASS" starttime="20220728 13:28:12.421" endtime="20220728 13:28:12.437"/>
</kw>
<kw name="Page Should Contain Element" library="SeleniumLibrary">
<arg>${locator}</arg>
<arg>timeout=60</arg>
<doc>Verifies that element ``locator`` is found on the current page.</doc>
<msg timestamp="20220728 13:28:12.445" level="INFO">Current page contains element '//div[text()=' Confirm']'.</msg>
<status status="PASS" starttime="20220728 13:28:12.437" endtime="20220728 13:28:12.445"/>
</kw>
<kw name="Wait Until Keyword Succeeds" library="BuiltIn">
<arg>${TimeOut}</arg>
<arg>${Start}</arg>
<arg>wait until page contains element</arg>
<arg>${locator}</arg>
<doc>Runs the specified keyword and retries if it fails.</doc>
<kw name="Wait Until Page Contains Element" library="SeleniumLibrary">
<arg>${locator}</arg>
<doc>Waits until the element ``locator`` appears on the current page.</doc>
<status status="PASS" starttime="20220728 13:28:12.445" endtime="20220728 13:28:12.452"/>
</kw>
<status status="PASS" starttime="20220728 13:28:12.445" endtime="20220728 13:28:12.452"/>
</kw>
<status status="PASS" starttime="20220728 13:28:12.391" endtime="20220728 13:28:12.452"/>
</kw>
<kw name="Wait Until Keyword Succeeds" library="BuiltIn">
<arg>${TimeOut}</arg>
<arg>${Start}</arg>
<arg>click element</arg>
<arg>${locator}</arg>
<doc>Runs the specified keyword and retries if it fails.</doc>
<kw name="Click Element" library="SeleniumLibrary">
<arg>${locator}</arg>
<doc>Click the element identified by ``locator``.</doc>
<msg timestamp="20220728 13:28:12.453" level="INFO">Clicking element '//div[text()=' Confirm']'.</msg>
<status status="PASS" starttime="20220728 13:28:12.453" endtime="20220728 13:28:12.520"/>
</kw>
<status status="PASS" starttime="20220728 13:28:12.453" endtime="20220728 13:28:12.521"/>
</kw>
<status status="PASS" starttime="20220728 13:28:12.390" endtime="20220728 13:28:12.521"/>
</kw>
<if>
<branch type="IF" condition="'${Scenario}' == 'POSITIVE'">
<kw name="Verify elements is visible and displayed" library="Common">
<arg>${ISIPulsaDetailsPage}[TranscationSuccessfulltext]</arg>
<doc>Keyword to verify locator is enabled and visibled on a page.</doc>
<status status="NOT RUN" starttime="20220728 13:28:12.521" endtime="20220728 13:28:12.522"/>
</kw>
<kw name="Get Text" library="SeleniumLibrary">
<var>${TranscationStatus}</var>
<arg>${ISIPulsaDetailsPage}[TranscationSuccessfulltext]</arg>
<doc>Returns the text value of the element identified by ``locator``.</doc>
<status status="NOT RUN" starttime="20220728 13:28:12.523" endtime="20220728 13:28:12.524"/>
</kw>
<kw name="Log To Console" library="BuiltIn">
<arg>${TranscationStatus}</arg>
<doc>Logs the given message to the console.</doc>
<status status="NOT RUN" starttime="20220728 13:28:12.524" endtime="20220728 13:28:12.525"/>
</kw>
<kw name="Verify elements is visible and displayed" library="Common">
<arg>${ISIPulsaDetailsPage}[TranscationId]</arg>
<doc>Keyword to verify locator is enabled and visibled on a page.</doc>
<status status="NOT RUN" starttime="20220728 13:28:12.525" endtime="20220728 13:28:12.525"/>
</kw>
<kw name="Get Text" library="SeleniumLibrary">
<var>${Transcationid}</var>
<arg>${ISIPulsaDetailsPage}[TranscationId]</arg>
<doc>Returns the text value of the element identified by ``locator``.</doc>
<status status="NOT RUN" starttime="20220728 13:28:12.525" endtime="20220728 13:28:12.525"/>
</kw>
<kw name="Capture Page Screenshot" library="SeleniumLibrary">
<arg>${SCREENSHOT_LOC}/Beli_Packet_${TestCaseId}_${TestDataId}_${Scenario}.png</arg>
<doc>Takes a screenshot of the current page and embeds it into a log file.</doc>
<status status="NOT RUN" starttime="20220728 13:28:12.526" endtime="20220728 13:28:12.526"/>
</kw>
<kw name="Log To Console" library="BuiltIn">
<arg>${Transcationid}</arg>
<doc>Logs the given message to the console.</doc>
<status status="NOT RUN" starttime="20220728 13:28:12.526" endtime="20220728 13:28:12.527"/>
</kw>
<kw name="Click Item" library="Common">
<arg>${ISIPulsaDetailsPage}[TranscationOk]</arg>
<status status="NOT RUN" starttime="20220728 13:28:12.527" endtime="20220728 13:28:12.527"/>
</kw>
<kw name="Capture Page Screenshot" library="SeleniumLibrary">
<arg>Page.png</arg>
<doc>Takes a screenshot of the current page and embeds it into a log file.</doc>
<status status="NOT RUN" starttime="20220728 13:28:12.527" endtime="20220728 13:28:12.527"/>
</kw>
<status status="NOT RUN" starttime="20220728 13:28:12.521" endtime="20220728 13:28:12.527"/>
</branch>
<status status="PASS" starttime="20220728 13:28:12.521" endtime="20220728 13:28:12.527"/>
</if>
<if>
<branch type="IF" condition="'${Scenario}' == 'NEGATIVE'">
<kw name="Sleep" library="BuiltIn">
<arg>5s</arg>
<doc>Pauses the test executed for the given time.</doc>
<msg timestamp="20220728 13:28:17.533" level="INFO">Slept 5 seconds</msg>
<status status="PASS" starttime="20220728 13:28:12.527" endtime="20220728 13:28:17.533"/>
</kw>
<kw name="Log To Console" library="BuiltIn">
<arg>THIS_IS_THE_NEGATIVE SCENARIO</arg>
<doc>Logs the given message to the console.</doc>
<status status="PASS" starttime="20220728 13:28:17.533" endtime="20220728 13:28:17.534"/>
</kw>
<kw name="Verify elements is visible and displayed" library="Common">
<arg>//div[contains(text(),'${MESSAGE}')]</arg>
<doc>Keyword to verify locator is enabled and visibled on a page.</doc>
<kw name="Wait Until Element Is Enabled" library="SeleniumLibrary">
<arg>${locator}</arg>
<arg>timeout=60</arg>
<doc>Waits until the element ``locator`` is enabled.</doc>
<msg timestamp="20220728 13:28:45.150" level="WARN">Keyword 'Capture Page Screenshot' could not be run on failure: Message: chrome not reachable
  (Session info: chrome=103.0.5060.134)
Stacktrace:
Backtrace:
	Ordinal0 [0x00B06463+2188387]
	Ordinal0 [0x00A9E461+1762401]
	Ordinal0 [0x009B3C40+801856]
	Ordinal0 [0x009A8932+756018]
	Ordinal0 [0x009A9168+758120]
	Ordinal0 [0x009AAA22+764450]
	Ordinal0 [0x009A4379+738169]
	Ordinal0 [0x009B50D0+807120]
	Ordinal0 [0x00A0C402+1164290]
	Ordinal0 [0x009FC5F6+1099254]
	Ordinal0 [0x009D6BE0+945120]
	Ordinal0 [0x009D7AD6+948950]
	GetHandleVerifier [0x00DA71F2+2712546]
	GetHandleVerifier [0x00D9886D+2652765]
	GetHandleVerifier [0x00B9002A+520730]
	GetHandleVerifier [0x00B8EE06+516086]
	Ordinal0 [0x00AA468B+1787531]
	Ordinal0 [0x00AA8E88+1805960]
	Ordinal0 [0x00AA8F75+1806197]
	Ordinal0 [0x00AB1DF1+1842673]
	BaseThreadInitThunk [0x7595FA29+25]
	RtlGetAppContainerNamedObjectPath [0x77697A9E+286]
	RtlGetAppContainerNamedObjectPath [0x77697A6E+238]
</msg>
<msg timestamp="20220728 13:28:45.154" level="FAIL">WebDriverException: Message: chrome not reachable
  (Session info: chrome=103.0.5060.134)
Stacktrace:
Backtrace:
	Ordinal0 [0x00B06463+2188387]
	Ordinal0 [0x00A9E461+1762401]
	Ordinal0 [0x009B3C40+801856]
	Ordinal0 [0x009A8932+756018]
	Ordinal0 [0x009A9168+758120]
	Ordinal0 [0x009AAA22+764450]
	Ordinal0 [0x009A4379+738169]
	Ordinal0 [0x009B50D0+807120]
	Ordinal0 [0x00A0C402+1164290]
	Ordinal0 [0x009FC5F6+1099254]
	Ordinal0 [0x009D6BE0+945120]
	Ordinal0 [0x009D7AD6+948950]
	GetHandleVerifier [0x00DA71F2+2712546]
	GetHandleVerifier [0x00D9886D+2652765]
	GetHandleVerifier [0x00B9002A+520730]
	GetHandleVerifier [0x00B8EE06+516086]
	Ordinal0 [0x00AA468B+1787531]
	Ordinal0 [0x00AA8E88+1805960]
	Ordinal0 [0x00AA8F75+1806197]
	Ordinal0 [0x00AB1DF1+1842673]
	BaseThreadInitThunk [0x7595FA29+25]
	RtlGetAppContainerNamedObjectPath [0x77697A9E+286]
	RtlGetAppContainerNamedObjectPath [0x77697A6E+238]
</msg>
<status status="FAIL" starttime="20220728 13:28:17.535" endtime="20220728 13:28:45.157"/>
</kw>
<kw name="Wait Until Element Is Visible" library="SeleniumLibrary">
<arg>${locator}</arg>
<arg>timeout=60</arg>
<doc>Waits until the element ``locator`` is visible.</doc>
<status status="NOT RUN" starttime="20220728 13:28:45.158" endtime="20220728 13:28:45.158"/>
</kw>
<kw name="Page Should Contain Element" library="SeleniumLibrary">
<arg>${locator}</arg>
<arg>timeout=60</arg>
<doc>Verifies that element ``locator`` is found on the current page.</doc>
<status status="NOT RUN" starttime="20220728 13:28:45.159" endtime="20220728 13:28:45.159"/>
</kw>
<kw name="Wait Until Keyword Succeeds" library="BuiltIn">
<arg>${TimeOut}</arg>
<arg>${Start}</arg>
<arg>wait until page contains element</arg>
<arg>${locator}</arg>
<doc>Runs the specified keyword and retries if it fails.</doc>
<status status="NOT RUN" starttime="20220728 13:28:45.159" endtime="20220728 13:28:45.159"/>
</kw>
<status status="FAIL" starttime="20220728 13:28:17.534" endtime="20220728 13:28:45.160"/>
</kw>
<kw name="Click Item" library="Common">
<arg>//div[contains(text(),'Transaksi terdeteksi sebagai duplikat')]</arg>
<status status="NOT RUN" starttime="20220728 13:28:45.160" endtime="20220728 13:28:45.160"/>
</kw>
<kw name="Click Item" library="Common">
<arg>(//div/img[@class='close-icon'])[1]</arg>
<status status="NOT RUN" starttime="20220728 13:28:45.160" endtime="20220728 13:28:45.161"/>
</kw>
<kw name="Click Item" library="Common">
<arg>//div[@class='close-container']</arg>
<status status="NOT RUN" starttime="20220728 13:28:45.161" endtime="20220728 13:28:45.161"/>
</kw>
<status status="FAIL" starttime="20220728 13:28:12.527" endtime="20220728 13:28:45.161"/>
</branch>
<status status="FAIL" starttime="20220728 13:28:12.527" endtime="20220728 13:28:45.161"/>
</if>
<status status="FAIL" starttime="20220728 13:28:01.975" endtime="20220728 13:28:45.161"/>
</iter>
<status status="FAIL" starttime="20220728 13:28:01.975" endtime="20220728 13:28:45.161"/>
</for>
<status status="FAIL" starttime="20220728 13:28:01.560" endtime="20220728 13:28:45.162"/>
</kw>
<kw name="Execute Suite Teardown" library="Common" type="TEARDOWN">
<doc>Closes all open browsers and resets the browser cache.</doc>
<kw name="Run Keyword And Return Status" library="BuiltIn">
<var>${present}</var>
<arg>Variable Should Exist</arg>
<arg>${download directory}</arg>
<doc>Runs the given keyword with given arguments and returns the status as a Boolean value.</doc>
<kw name="Variable Should Exist" library="BuiltIn">
<arg>${download directory}</arg>
<doc>Fails unless the given variable exists within the current scope.</doc>
<msg timestamp="20220728 13:28:45.167" level="FAIL">Variable '${download directory}' does not exist.</msg>
<status status="FAIL" starttime="20220728 13:28:45.165" endtime="20220728 13:28:45.171"/>
</kw>
<msg timestamp="20220728 13:28:45.171" level="INFO">${present} = False</msg>
<status status="PASS" starttime="20220728 13:28:45.164" endtime="20220728 13:28:45.171"/>
</kw>
<if>
<branch type="IF" condition="${present}">
<kw name="Empty Directory" library="OperatingSystem">
<arg>${download directory}</arg>
<doc>Deletes all the content from the given directory.</doc>
<status status="NOT RUN" starttime="20220728 13:28:45.172" endtime="20220728 13:28:45.172"/>
</kw>
<kw name="Remove Directory" library="OperatingSystem">
<arg>${download directory}</arg>
<doc>Removes the directory pointed to by the given ``path``.</doc>
<status status="NOT RUN" starttime="20220728 13:28:45.172" endtime="20220728 13:28:45.172"/>
</kw>
<status status="NOT RUN" starttime="20220728 13:28:45.171" endtime="20220728 13:28:45.172"/>
</branch>
<status status="PASS" starttime="20220728 13:28:45.171" endtime="20220728 13:28:45.172"/>
</if>
<kw name="Close All Browsers" library="SeleniumLibrary">
<doc>Closes all open browsers and resets the browser cache.</doc>
<status status="PASS" starttime="20220728 13:28:45.172" endtime="20220728 13:28:47.312"/>
</kw>
<kw name="Print" library="Common">
<arg>finished =&gt; Execute Suite Teardown</arg>
<kw name="Log To Console" library="BuiltIn">
<arg>\n${message}</arg>
<doc>Logs the given message to the console.</doc>
<status status="PASS" starttime="20220728 13:28:47.314" endtime="20220728 13:28:47.315"/>
</kw>
<status status="PASS" starttime="20220728 13:28:47.313" endtime="20220728 13:28:47.315"/>
</kw>
<status status="PASS" starttime="20220728 13:28:45.164" endtime="20220728 13:28:47.315"/>
</kw>
<doc>Validate Isi pulsa and beli paket</doc>
<status status="FAIL" starttime="20220728 13:27:42.622" endtime="20220728 13:28:47.316">WebDriverException: Message: chrome not reachable
  (Session info: chrome=103.0.5060.134)
Stacktrace:
Backtrace:
	Ordinal0 [0x00B06463+2188387]
	Ordinal0 [0x00A9E461+1762401]
	Ordinal0 [0x009B3C40+801856]
	Ordinal0 [0x009A8932+756018]
	Ordinal0 [0x009A9168+758120]
	Ordinal0 [0x009AAA22+764450]
	Ordinal0 [0x009A4379+738169]
	Ordinal0 [0x009B50D0+807120]
	Ordinal0 [0x00A0C402+1164290]
	Ordinal0 [0x009FC5F6+1099254]
	Ordinal0 [0x009D6BE0+945120]
	Ordinal0 [0x009D7AD6+948950]
	GetHandleVerifier [0x00DA71F2+2712546]
	GetHandleVerifier [0x00D9886D+2652765]
	GetHandleVerifier [0x00B9002A+520730]
	GetHandleVerifier [0x00B8EE06+516086]
	Ordinal0 [0x00AA468B+1787531]
	Ordinal0 [0x00AA8E88+1805960]
	Ordinal0 [0x00AA8F75+1806197]
	Ordinal0 [0x00AB1DF1+1842673]
	BaseThreadInitThunk [0x7595FA29+25]
	RtlGetAppContainerNamedObjectPath [0x77697A9E+286]
	RtlGetAppContainerNamedObjectPath [0x77697A6E+238]
</status>
</test>
<doc>Sample TestCase For Automation FrameWork</doc>
<status status="FAIL" starttime="20220728 13:27:41.575" endtime="20220728 13:28:47.321"/>
</suite>
<statistics>
<total>
<stat pass="0" fail="1" skip="0">All Tests</stat>
</total>
<tag>
</tag>
<suite>
<stat pass="0" fail="1" skip="0" id="s1" name="A BELI PAKET 1">A BELI PAKET 1</stat>
</suite>
</statistics>
<errors>
<msg timestamp="20220728 13:28:45.150" level="WARN">Keyword 'Capture Page Screenshot' could not be run on failure: Message: chrome not reachable
  (Session info: chrome=103.0.5060.134)
Stacktrace:
Backtrace:
	Ordinal0 [0x00B06463+2188387]
	Ordinal0 [0x00A9E461+1762401]
	Ordinal0 [0x009B3C40+801856]
	Ordinal0 [0x009A8932+756018]
	Ordinal0 [0x009A9168+758120]
	Ordinal0 [0x009AAA22+764450]
	Ordinal0 [0x009A4379+738169]
	Ordinal0 [0x009B50D0+807120]
	Ordinal0 [0x00A0C402+1164290]
	Ordinal0 [0x009FC5F6+1099254]
	Ordinal0 [0x009D6BE0+945120]
	Ordinal0 [0x009D7AD6+948950]
	GetHandleVerifier [0x00DA71F2+2712546]
	GetHandleVerifier [0x00D9886D+2652765]
	GetHandleVerifier [0x00B9002A+520730]
	GetHandleVerifier [0x00B8EE06+516086]
	Ordinal0 [0x00AA468B+1787531]
	Ordinal0 [0x00AA8E88+1805960]
	Ordinal0 [0x00AA8F75+1806197]
	Ordinal0 [0x00AB1DF1+1842673]
	BaseThreadInitThunk [0x7595FA29+25]
	RtlGetAppContainerNamedObjectPath [0x77697A9E+286]
	RtlGetAppContainerNamedObjectPath [0x77697A6E+238]
</msg>
</errors>
</robot>
